停止 TcpServer 服务
起动 TcpServer 服务
12
120
Initialize 1
Initialize 2
Initialize 3
Initialize 4
Initialize 5
Initialize 51
clientip=[10.161.6.76|10.161.6.77|10.161.1.175|10.161.1.176|10.161.3.253|10.161.3.254|10.161.252.122|10.161.252.123|]
MAX_LEGALIP_COUNT=[60]
Initialize 52
Initialize 521
clientip=[10.161.6.76|10.161.6.77|10.161.1.175|10.161.1.176|10.161.3.253|10.161.3.254|10.161.252.122|10.161.252.123|]
pconnIp=[]
string_buf=[10.161.6.76|10.161.6.77|10.161.1.175|10.161.1.176|10.161.3.253|10.161.3.254|10.161.252.122|10.161.252.123|]
result_buf=[10.161.6.76|10.161.6.77|10.161.1.175|10.161.1.176|10.161.3.253|10.161.3.254|10.161.252.122|10.161.252.123|.252.122|10.161.252.123|
][11]
result_buf=[10.161.6.76][11]
1
2
next result_buf=[10.161.6.77|10.161.1.175|10.161.1.176|10.161.3.253|10.161.3.254|10.161.252.122|10.161.252.123|][11]
arrString[0]=[10.161.6.77|10.161.1.175|10.161.1.176|10.161.3.253|10.161.3.254|10.161.252.122|10.161.252.123|]
result_buf=[10.161.6.77|10.161.1.175|10.161.1.176|10.161.3.253|10.161.3.254|10.161.252.122|10.161.252.123|][11]
result_buf=[10.161.6.77][11]
1
2
next result_buf=[10.161.1.175|10.161.1.176|10.161.3.253|10.161.3.254|10.161.252.122|10.161.252.123|][11]
arrString[1]=[10.161.1.175|10.161.1.176|10.161.3.253|10.161.3.254|10.161.252.122|10.161.252.123|]
result_buf=[10.161.1.175|10.161.1.176|10.161.3.253|10.161.3.254|10.161.252.122|10.161.252.123|][12]
result_buf=[10.161.1.175][12]
1
2
next result_buf=[10.161.1.176|10.161.3.253|10.161.3.254|10.161.252.122|10.161.252.123|][12]
arrString[2]=[10.161.1.176|10.161.3.253|10.161.3.254|10.161.252.122|10.161.252.123|]
result_buf=[10.161.1.176|10.161.3.253|10.161.3.254|10.161.252.122|10.161.252.123|][12]
result_buf=[10.161.1.176][12]
1
2
next result_buf=[10.161.3.253|10.161.3.254|10.161.252.122|10.161.252.123|][12]
arrString[3]=[10.161.3.253|10.161.3.254|10.161.252.122|10.161.252.123|]
result_buf=[10.161.3.253|10.161.3.254|10.161.252.122|10.161.252.123|][12]
result_buf=[10.161.3.253][12]
1
2
next result_buf=[10.161.3.254|10.161.252.122|10.161.252.123|][12]
arrString[4]=[10.161.3.254|10.161.252.122|10.161.252.123|]
result_buf=[10.161.3.254|10.161.252.122|10.161.252.123|][12]
result_buf=[10.161.3.254][12]
1
2
next result_buf=[10.161.252.122|10.161.252.123|][12]
arrString[5]=[10.161.252.122|10.161.252.123|]
result_buf=[10.161.252.122|10.161.252.123|][14]
result_buf=[10.161.252.122][14]
1
2
next result_buf=[10.161.252.123|][14]
arrString[6]=[10.161.252.123|]
result_buf=[10.161.252.123|][14]
result_buf=[10.161.252.123][14]
1
2
next result_buf=[][14]
arrString=[10.161.252.123|],number=[8]
Initialize 53
acconnip[0]=[]
acconnip[1]=[]
acconnip[2]=[]
acconnip[3]=[]
acconnip[4]=[]
acconnip[5]=[]
acconnip[6]=[]
acconnip[7]=[]
Initialize 6
logpath = [/inter/adapter/log/TcpServer]
IPAddress = [10.161.6.76]
IPPort = [7700]
LockFilePath = [/inter/adapter/lock]
121
13
IPCkey=[1934398878]
创建成功ShmId=[162357]
创建成功SemId=[4128795]
InitServerSocket success
process running ip=[10.161.6.76],port=[7700]
进入主循环，等待连接
SIGNAL quit=1
connect acceptsocket=[-1]
ok
停止 TcpServer 服务
起动 TcpServer 服务
12
120
Initialize 1
Initialize 2
Initialize 3
Initialize 4
Initialize 5
Initialize 51
clientip=[10.161.6.76|10.161.6.77|10.161.1.175|10.161.1.176|10.161.3.253|10.161.3.254|10.161.252.122|10.161.252.123|]
MAX_LEGALIP_COUNT=[60]
Initialize 52
Initialize 521
clientip=[10.161.6.76|10.161.6.77|10.161.1.175|10.161.1.176|10.161.3.253|10.161.3.254|10.161.252.122|10.161.252.123|]
pconnIp=[]
string_buf=[10.161.6.76|10.161.6.77|10.161.1.175|10.161.1.176|10.161.3.253|10.161.3.254|10.161.252.122|10.161.252.123|]
result_buf=[10.161.6.76|10.161.6.77|10.161.1.175|10.161.1.176|10.161.3.253|10.161.3.254|10.161.252.122|10.161.252.123|.252.122|10.161.252.123|
][11]
result_buf=[10.161.6.76][11]
1
2
next result_buf=[10.161.6.77|10.161.1.175|10.161.1.176|10.161.3.253|10.161.3.254|10.161.252.122|10.161.252.123|][11]
arrString[0]=[10.161.6.77|10.161.1.175|10.161.1.176|10.161.3.253|10.161.3.254|10.161.252.122|10.161.252.123|]
result_buf=[10.161.6.77|10.161.1.175|10.161.1.176|10.161.3.253|10.161.3.254|10.161.252.122|10.161.252.123|][11]
result_buf=[10.161.6.77][11]
1
2
next result_buf=[10.161.1.175|10.161.1.176|10.161.3.253|10.161.3.254|10.161.252.122|10.161.252.123|][11]
arrString[1]=[10.161.1.175|10.161.1.176|10.161.3.253|10.161.3.254|10.161.252.122|10.161.252.123|]
result_buf=[10.161.1.175|10.161.1.176|10.161.3.253|10.161.3.254|10.161.252.122|10.161.252.123|][12]
result_buf=[10.161.1.175][12]
1
2
next result_buf=[10.161.1.176|10.161.3.253|10.161.3.254|10.161.252.122|10.161.252.123|][12]
arrString[2]=[10.161.1.176|10.161.3.253|10.161.3.254|10.161.252.122|10.161.252.123|]
result_buf=[10.161.1.176|10.161.3.253|10.161.3.254|10.161.252.122|10.161.252.123|][12]
result_buf=[10.161.1.176][12]
1
2
next result_buf=[10.161.3.253|10.161.3.254|10.161.252.122|10.161.252.123|][12]
arrString[3]=[10.161.3.253|10.161.3.254|10.161.252.122|10.161.252.123|]
result_buf=[10.161.3.253|10.161.3.254|10.161.252.122|10.161.252.123|][12]
result_buf=[10.161.3.253][12]
1
2
next result_buf=[10.161.3.254|10.161.252.122|10.161.252.123|][12]
arrString[4]=[10.161.3.254|10.161.252.122|10.161.252.123|]
result_buf=[10.161.3.254|10.161.252.122|10.161.252.123|][12]
result_buf=[10.161.3.254][12]
1
2
next result_buf=[10.161.252.122|10.161.252.123|][12]
arrString[5]=[10.161.252.122|10.161.252.123|]
result_buf=[10.161.252.122|10.161.252.123|][14]
result_buf=[10.161.252.122][14]
1
2
next result_buf=[10.161.252.123|][14]
arrString[6]=[10.161.252.123|]
result_buf=[10.161.252.123|][14]
result_buf=[10.161.252.123][14]
1
2
next result_buf=[][14]
arrString=[10.161.252.123|],number=[8]
Initialize 53
acconnip[0]=[]
acconnip[1]=[]
acconnip[2]=[]
acconnip[3]=[]
acconnip[4]=[]
acconnip[5]=[]
acconnip[6]=[]
acconnip[7]=[]
Initialize 6
logpath = [/inter/adapter/log/TcpServer]
IPAddress = [10.161.6.76]
IPPort = [7700]
LockFilePath = [/inter/adapter/lock]
121
13
IPCkey=[1934398878]
创建成功ShmId=[162869]
创建成功SemId=[4136987]
InitServerSocket success
process running ip=[10.161.6.76],port=[7700]
进入主循环，等待连接
connect acceptsocket=[4]
numbytes=[240]
RecvBuff = [01000016500000000zzzdboss102100000007011111111111111111111111111111111YYYYMMDDHHMMSS00000000000000000000000000000000000010010000000000000000666666	8888888888888888	999999999	QUERY_GSM_SERVICE_NUM_CALL_RECORD	13944571886	20080301	20080320	0
]
[666666]
[8888888888888888]
[999999999]
[QUERY_GSM_SERVICE_NUM_CALL_RECORD]
[13944571886]
[20080301]
[20080320]
[0]
服务代码 = [QUERY_GSM_SERVICE_NUM_CALL_RECORD]
普通详单查询
doDetailQuery begin...
chWsnAddr=[WSNADDR=//10.161.6.76:16111]
tpinit
chBeginDate=[20080301000000]
chEndDate=[20080320000000]
Fchg32 send_fb
Fchg32 tpconnect
cd=[0]
tpsend
tprecv
buffer=[000000]
while
while counter=[1]
while counter=[1] ret_lines=[48]
while buffer=[000009]
while k=[0] buffer=[03月01日08:14:12]
while k=[1] buffer=[54秒]
while k=[2] buffer=[被叫]
while k=[3] buffer=[13894573313]
while k=[4] buffer=[通化]
while k=[5] buffer=[本地通话]
while k=[6] buffer=[0.000]
while k=[7] buffer=[0.000]
while k=[8] buffer=[0.000]
while buffer=[000009]
while k=[0] buffer=[03月01日08:17:42]
while k=[1] buffer=[1分21秒]
while k=[2] buffer=[被叫]
while k=[3] buffer=[13943562835]
while k=[4] buffer=[通化]
while k=[5] buffer=[本地通话]
while k=[6] buffer=[0.000]
while k=[7] buffer=[0.000]
while k=[8] buffer=[0.000]
while buffer=[000009]
while k=[0] buffer=[03月01日08:22:27]
while k=[1] buffer=[39秒]
while k=[2] buffer=[主叫]
while k=[3] buffer=[13943563356]
while k=[4] buffer=[通化]
while k=[5] buffer=[本地通话]
while k=[6] buffer=[0.200]
while k=[7] buffer=[0.000]
while k=[8] buffer=[0.200]
while buffer=[000009]
while k=[0] buffer=[03月01日08:28:29]
while k=[1] buffer=[6秒]
while k=[2] buffer=[主叫]
while k=[3] buffer=[13943563356]
while k=[4] buffer=[通化]
while k=[5] buffer=[本地通话]
while k=[6] buffer=[0.200]
while k=[7] buffer=[0.000]
while k=[8] buffer=[0.200]
while buffer=[000009]
while k=[0] buffer=[03月01日08:39:25]
while k=[1] buffer=[2分14秒]
while k=[2] buffer=[被叫]
while k=[3] buffer=[13843563739]
while k=[4] buffer=[通化]
while k=[5] buffer=[本地通话]
while k=[6] buffer=[0.000]
while k=[7] buffer=[0.000]
while k=[8] buffer=[0.000]
while buffer=[000009]
while k=[0] buffer=[03月01日08:45:09]
while k=[1] buffer=[51秒]
while k=[2] buffer=[主叫]
while k=[3] buffer=[13944523893]
while k=[4] buffer=[通化]
while k=[5] buffer=[本地通话]
while k=[6] buffer=[0.200]
while k=[7] buffer=[0.000]
while k=[8] buffer=[0.200]
while buffer=[000009]
while k=[0] buffer=[03月01日08:46:53]
while k=[1] buffer=[13秒]
while k=[2] buffer=[被叫]
while k=[3] buffer=[13944523893]
while k=[4] buffer=[通化]
while k=[5] buffer=[本地通话]
while k=[6] buffer=[0.000]
while k=[7] buffer=[0.000]
while k=[8] buffer=[0.000]
while buffer=[000009]
while k=[0] buffer=[03月01日08:51:21]
while k=[1] buffer=[16秒]
while k=[2] buffer=[被叫]
while k=[3] buffer=[13894573313]
while k=[4] buffer=[通化]
while k=[5] buffer=[本地通话]
while k=[6] buffer=[0.000]
while k=[7] buffer=[0.000]
while k=[8] buffer=[0.000]
while buffer=[000009]
while k=[0] buffer=[03月01日09:19:09]
while k=[1] buffer=[36秒]
while k=[2] buffer=[被叫]
while k=[3] buffer=[15944537631]
while k=[4] buffer=[通化]
while k=[5] buffer=[本地通话]
while k=[6] buffer=[0.000]
while k=[7] buffer=[0.000]
while k=[8] buffer=[0.000]
while buffer=[000009]
while k=[0] buffer=[03月01日09:22:14]
while k=[1] buffer=[15秒]
while k=[2] buffer=[被叫]
while k=[3] buffer=[13944572019]
while k=[4] buffer=[通化]
while k=[5] buffer=[本地通话]
while k=[6] buffer=[0.000]
while k=[7] buffer=[0.000]
while k=[8] buffer=[0.000]
while buffer=[000009]
while k=[0] buffer=[03月01日09:23:48]
while k=[1] buffer=[14秒]
while k=[2] buffer=[主叫]
while k=[3] buffer=[15944537631]
while k=[4] buffer=[通化]
while k=[5] buffer=[本地通话]
while k=[6] buffer=[0.200]
while k=[7] buffer=[0.000]
while k=[8] buffer=[0.200]
while buffer=[000009]
while k=[0] buffer=[03月01日09:51:53]
while k=[1] buffer=[52秒]
while k=[2] buffer=[主叫]
while k=[3] buffer=[13843563739]
while k=[4] buffer=[通化]
while k=[5] buffer=[本地通话]
while k=[6] buffer=[0.200]
while k=[7] buffer=[0.000]
while k=[8] buffer=[0.200]
while buffer=[000009]
while k=[0] buffer=[03月01日10:06:46]
while k=[1] buffer=[13秒]
while k=[2] buffer=[被叫]
while k=[3] buffer=[13843563739]
while k=[4] buffer=[通化]
while k=[5] buffer=[本地通话]
while k=[6] buffer=[0.000]
while k=[7] buffer=[0.000]
while k=[8] buffer=[0.000]
while buffer=[000009]
while k=[0] buffer=[03月01日10:08:40]
while k=[1] buffer=[15秒]
while k=[2] buffer=[主叫]
while k=[3] buffer=[13843563739]
while k=[4] buffer=[通化]
while k=[5] buffer=[本地通话]
while k=[6] buffer=[0.200]
while k=[7] buffer=[0.000]
while k=[8] buffer=[0.200]
while buffer=[000009]
while k=[0] buffer=[03月01日11:44:14]
while k=[1] buffer=[55秒]
while k=[2] buffer=[被叫]
while k=[3] buffer=[13943567299]
while k=[4] buffer=[通化]
while k=[5] buffer=[本地通话]
while k=[6] buffer=[0.000]
while k=[7] buffer=[0.000]
while k=[8] buffer=[0.000]
while buffer=[000009]
while k=[0] buffer=[03月01日11:52:34]
while k=[1] buffer=[27秒]
while k=[2] buffer=[被叫]
while k=[3] buffer=[13843563739]
while k=[4] buffer=[通化]
while k=[5] buffer=[本地通话]
while k=[6] buffer=[0.000]
while k=[7] buffer=[0.000]
while k=[8] buffer=[0.000]
while buffer=[000009]
while k=[0] buffer=[03月01日12:02:01]
while k=[1] buffer=[49秒]
while k=[2] buffer=[主叫]
while k=[3] buffer=[13843563739]
while k=[4] buffer=[通化]
while k=[5] buffer=[本地通话]
while k=[6] buffer=[0.200]
while k=[7] buffer=[0.000]
while k=[8] buffer=[0.200]
while buffer=[000009]
while k=[0] buffer=[03月01日12:56:14]
while k=[1] buffer=[17秒]
while k=[2] buffer=[主叫]
while k=[3] buffer=[15944537631]
while k=[4] buffer=[通化]
while k=[5] buffer=[本地通话]
while k=[6] buffer=[0.200]
while k=[7] buffer=[0.000]
while k=[8] buffer=[0.200]
while buffer=[000009]
while k=[0] buffer=[03月01日20:11:32]
while k=[1] buffer=[2分0秒]
while k=[2] buffer=[被叫]
while k=[3] buffer=[13894578333]
while k=[4] buffer=[通化]
while k=[5] buffer=[本地通话]
while k=[6] buffer=[0.000]
while k=[7] buffer=[0.000]
while k=[8] buffer=[0.000]
while buffer=[000009]
while k=[0] buffer=[03月02日06:40:04]
while k=[1] buffer=[20秒]
while k=[2] buffer=[主叫]
while k=[3] buffer=[10086]
while k=[4] buffer=[通化]
while k=[5] buffer=[本地通话]
while k=[6] buffer=[0.000]
while k=[7] buffer=[0.000]
while k=[8] buffer=[0.000]
while buffer=[000009]
while k=[0] buffer=[03月02日09:20:20]
while k=[1] buffer=[56秒]
while k=[2] buffer=[被叫]
while k=[3] buffer=[13894562680]
while k=[4] buffer=[通化]
while k=[5] buffer=[本地通话]
while k=[6] buffer=[0.000]
while k=[7] buffer=[0.000]
while k=[8] buffer=[0.000]
while buffer=[000009]
while k=[0] buffer=[03月02日09:47:54]
while k=[1] buffer=[1分48秒]
while k=[2] buffer=[被叫]
while k=[3] buffer=[13843563739]
while k=[4] buffer=[通化]
while k=[5] buffer=[本地通话]
while k=[6] buffer=[0.000]
while k=[7] buffer=[0.000]
while k=[8] buffer=[0.000]
while buffer=[000009]
while k=[0] buffer=[03月02日10:01:09]
while k=[1] buffer=[35秒]
while k=[2] buffer=[主叫]
while k=[3] buffer=[13843563739]
while k=[4] buffer=[通化]
while k=[5] buffer=[本地通话]
while k=[6] buffer=[0.200]
while k=[7] buffer=[0.000]
while k=[8] buffer=[0.200]
while buffer=[000009]
while k=[0] buffer=[03月02日10:06:36]
while k=[1] buffer=[9秒]
while k=[2] buffer=[被叫]
while k=[3] buffer=[13843563739]
while k=[4] buffer=[通化]
while k=[5] buffer=[本地通话]
while k=[6] buffer=[0.000]
while k=[7] buffer=[0.000]
while k=[8] buffer=[0.000]
while buffer=[000009]
while k=[0] buffer=[03月02日10:44:08]
while k=[1] buffer=[1分18秒]
while k=[2] buffer=[主叫]
while k=[3] buffer=[13943418991]
while k=[4] buffer=[通化]
while k=[5] buffer=[本地通话]
while k=[6] buffer=[0.400]
while k=[7] buffer=[0.000]
while k=[8] buffer=[0.400]
while buffer=[000009]
while k=[0] buffer=[03月02日11:41:30]
while k=[1] buffer=[10秒]
while k=[2] buffer=[主叫]
while k=[3] buffer=[13843563739]
while k=[4] buffer=[通化]
while k=[5] buffer=[本地通话]
while k=[6] buffer=[0.200]
while k=[7] buffer=[0.000]
while k=[8] buffer=[0.200]
while buffer=[000009]
while k=[0] buffer=[03月02日11:47:40]
while k=[1] buffer=[10秒]
while k=[2] buffer=[主叫]
while k=[3] buffer=[13944572019]
while k=[4] buffer=[通化]
while k=[5] buffer=[本地通话]
while k=[6] buffer=[0.200]
while k=[7] buffer=[0.000]
while k=[8] buffer=[0.200]
while buffer=[000009]
while k=[0] buffer=[03月02日12:16:10]
while k=[1] buffer=[35秒]
while k=[2] buffer=[被叫]
while k=[3] buffer=[13943567299]
while k=[4] buffer=[通化]
while k=[5] buffer=[本地通话]
while k=[6] buffer=[0.000]
while k=[7] buffer=[0.000]
while k=[8] buffer=[0.000]
while buffer=[000009]
while k=[0] buffer=[03月03日08:04:20]
while k=[1] buffer=[23秒]
while k=[2] buffer=[主叫]
while k=[3] buffer=[15944537631]
while k=[4] buffer=[通化]
while k=[5] buffer=[本地通话]
while k=[6] buffer=[0.200]
while k=[7] buffer=[0.000]
while k=[8] buffer=[0.200]
while buffer=[000009]
while k=[0] buffer=[03月03日08:53:20]
while k=[1] buffer=[17分8秒]
while k=[2] buffer=[被叫]
while k=[3] buffer=[15981633524]
while k=[4] buffer=[通化]
while k=[5] buffer=[本地通话]
while k=[6] buffer=[0.000]
while k=[7] buffer=[0.000]
while k=[8] buffer=[0.000]
while buffer=[000009]
while k=[0] buffer=[03月03日09:18:41]
while k=[1] buffer=[38秒]
while k=[2] buffer=[主叫]
while k=[3] buffer=[13943563356]
while k=[4] buffer=[通化]
while k=[5] buffer=[本地通话]
while k=[6] buffer=[0.200]
while k=[7] buffer=[0.000]
while k=[8] buffer=[0.200]
while buffer=[000009]
while k=[0] buffer=[03月03日09:19:43]
while k=[1] buffer=[21秒]
while k=[2] buffer=[主叫]
while k=[3] buffer=[15944537631]
while k=[4] buffer=[通化]
while k=[5] buffer=[本地通话]
while k=[6] buffer=[0.200]
while k=[7] buffer=[0.000]
while k=[8] buffer=[0.200]
while buffer=[000009]
while k=[0] buffer=[03月03日09:39:28]
while k=[1] buffer=[50秒]
while k=[2] buffer=[主叫]
while k=[3] buffer=[15944537631]
while k=[4] buffer=[通化]
while k=[5] buffer=[本地通话]
while k=[6] buffer=[0.200]
while k=[7] buffer=[0.000]
while k=[8] buffer=[0.200]
while buffer=[000009]
while k=[0] buffer=[03月03日12:54:52]
while k=[1] buffer=[1分47秒]
while k=[2] buffer=[主叫]
while k=[3] buffer=[15981631457]
while k=[4] buffer=[通化]
while k=[5] buffer=[本地通话]
while k=[6] buffer=[0.400]
while k=[7] buffer=[0.000]
while k=[8] buffer=[0.400]
while buffer=[000009]
while k=[0] buffer=[03月03日19:43:23]
while k=[1] buffer=[51秒]
while k=[2] buffer=[被叫]
while k=[3] buffer=[15834583346]
while k=[4] buffer=[通化]
while k=[5] buffer=[本地通话]
while k=[6] buffer=[0.000]
while k=[7] buffer=[0.000]
while k=[8] buffer=[0.000]
while buffer=[000009]
while k=[0] buffer=[03月04日07:14:14]
while k=[1] buffer=[1分38秒]
while k=[2] buffer=[被叫]
while k=[3] buffer=[13943411479]
while k=[4] buffer=[通化]
while k=[5] buffer=[本地通话]
while k=[6] buffer=[0.000]
while k=[7] buffer=[0.000]
while k=[8] buffer=[0.000]
while buffer=[000009]
while k=[0] buffer=[03月04日07:49:27]
while k=[1] buffer=[3分20秒]
while k=[2] buffer=[被叫]
while k=[3] buffer=[13843385707]
while k=[4] buffer=[通化]
while k=[5] buffer=[本地通话]
while k=[6] buffer=[0.000]
while k=[7] buffer=[0.000]
while k=[8] buffer=[0.000]
while buffer=[000009]
while k=[0] buffer=[03月04日07:56:11]
while k=[1] buffer=[40秒]
while k=[2] buffer=[被叫]
while k=[3] buffer=[13604352797]
while k=[4] buffer=[通化]
while k=[5] buffer=[本地通话]
while k=[6] buffer=[0.000]
while k=[7] buffer=[0.000]
while k=[8] buffer=[0.000]
while buffer=[000009]
while k=[0] buffer=[03月04日09:53:26]
while k=[1] buffer=[26秒]
while k=[2] buffer=[被叫]
while k=[3] buffer=[15944537631]
while k=[4] buffer=[通化]
while k=[5] buffer=[本地通话]
while k=[6] buffer=[0.000]
while k=[7] buffer=[0.000]
while k=[8] buffer=[0.000]
while buffer=[000009]
while k=[0] buffer=[03月04日10:14:52]
while k=[1] buffer=[31秒]
while k=[2] buffer=[主叫]
while k=[3] buffer=[13943418991]
while k=[4] buffer=[通化]
while k=[5] buffer=[本地通话]
while k=[6] buffer=[0.200]
while k=[7] buffer=[0.000]
while k=[8] buffer=[0.200]
while buffer=[000009]
while k=[0] buffer=[03月04日10:16:52]
while k=[1] buffer=[27秒]
while k=[2] buffer=[被叫]
while k=[3] buffer=[15834583346]
while k=[4] buffer=[通化]
while k=[5] buffer=[本地通话]
while k=[6] buffer=[0.000]
while k=[7] buffer=[0.000]
while k=[8] buffer=[0.000]
while buffer=[000009]
while k=[0] buffer=[03月04日10:22:27]
while k=[1] buffer=[1分36秒]
while k=[2] buffer=[主叫]
while k=[3] buffer=[13894573313]
while k=[4] buffer=[通化]
while k=[5] buffer=[本地通话]
while k=[6] buffer=[0.400]
while k=[7] buffer=[0.000]
while k=[8] buffer=[0.400]
while buffer=[000009]
while k=[0] buffer=[03月04日13:44:26]
while k=[1] buffer=[2分5秒]
while k=[2] buffer=[被叫]
while k=[3] buffer=[13404526968]
while k=[4] buffer=[通化]
while k=[5] buffer=[本地通话]
while k=[6] buffer=[0.000]
while k=[7] buffer=[0.000]
while k=[8] buffer=[0.000]
while buffer=[000009]
while k=[0] buffer=[03月04日14:42:09]
while k=[1] buffer=[4秒]
while k=[2] buffer=[被叫]
while k=[3] buffer=[13944572019]
while k=[4] buffer=[通化]
while k=[5] buffer=[本地通话]
while k=[6] buffer=[0.000]
while k=[7] buffer=[0.000]
while k=[8] buffer=[0.000]
while buffer=[000009]
while k=[0] buffer=[03月04日16:02:55]
while k=[1] buffer=[2分14秒]
while k=[2] buffer=[被叫]
while k=[3] buffer=[15981636296]
while k=[4] buffer=[通化]
while k=[5] buffer=[本地通话]
while k=[6] buffer=[0.000]
while k=[7] buffer=[0.000]
while k=[8] buffer=[0.000]
while buffer=[000009]
while k=[0] buffer=[03月04日16:40:04]
while k=[1] buffer=[58秒]
while k=[2] buffer=[被叫]
while k=[3] buffer=[13943411479]
while k=[4] buffer=[通化]
while k=[5] buffer=[本地通话]
while k=[6] buffer=[0.000]
while k=[7] buffer=[0.000]
while k=[8] buffer=[0.000]
while buffer=[000009]
while k=[0] buffer=[03月04日16:41:35]
while k=[1] buffer=[57秒]
while k=[2] buffer=[主叫]
while k=[3] buffer=[13943567299]
while k=[4] buffer=[通化]
while k=[5] buffer=[本地通话]
while k=[6] buffer=[0.200]
while k=[7] buffer=[0.000]
while k=[8] buffer=[0.200]
while buffer=[000009]
while k=[0] buffer=[03月04日16:42:46]
while k=[1] buffer=[1分11秒]
while k=[2] buffer=[被叫]
while k=[3] buffer=[13943411479]
while k=[4] buffer=[通化]
while k=[5] buffer=[本地通话]
while k=[6] buffer=[0.000]
while k=[7] buffer=[0.000]
while k=[8] buffer=[0.000]
while counter=[2]
while counter=[2] ret_lines=[48]
while buffer=[000009]
while k=[0] buffer=[03月04日16:55:52]
while k=[1] buffer=[2分45秒]
while k=[2] buffer=[被叫]
while k=[3] buffer=[13766155764]
while k=[4] buffer=[通化]
while k=[5] buffer=[本地通话]
while k=[6] buffer=[0.000]
while k=[7] buffer=[0.000]
while k=[8] buffer=[0.000]
while buffer=[000009]
while k=[0] buffer=[03月04日17:53:43]
while k=[1] buffer=[18秒]
while k=[2] buffer=[主叫]
while k=[3] buffer=[8812469]
while k=[4] buffer=[通化]
while k=[5] buffer=[本地通话]
while k=[6] buffer=[0.200]
while k=[7] buffer=[0.000]
while k=[8] buffer=[0.200]
while buffer=[000009]
while k=[0] buffer=[03月04日18:27:28]
while k=[1] buffer=[1分18秒]
while k=[2] buffer=[主叫]
while k=[3] buffer=[8221791]
while k=[4] buffer=[通化]
while k=[5] buffer=[本地通话]
while k=[6] buffer=[0.400]
while k=[7] buffer=[0.000]
while k=[8] buffer=[0.400]
while buffer=[000009]
while k=[0] buffer=[03月04日18:47:31]
while k=[1] buffer=[13秒]
while k=[2] buffer=[被叫]
while k=[3] buffer=[15981636296]
while k=[4] buffer=[通化]
while k=[5] buffer=[本地通话]
while k=[6] buffer=[0.000]
while k=[7] buffer=[0.000]
while k=[8] buffer=[0.000]
while buffer=[000009]
while k=[0] buffer=[03月04日18:57:44]
while k=[1] buffer=[1分6秒]
while k=[2] buffer=[主叫]
while k=[3] buffer=[13844520720]
while k=[4] buffer=[通化]
while k=[5] buffer=[本地通话]
while k=[6] buffer=[0.400]
while k=[7] buffer=[0.000]
while k=[8] buffer=[0.400]
while buffer=[000009]
while k=[0] buffer=[03月04日18:59:24]
while k=[1] buffer=[1分11秒]
while k=[2] buffer=[主叫]
while k=[3] buffer=[13943561823]
while k=[4] buffer=[通化]
while k=[5] buffer=[本地通话]
while k=[6] buffer=[0.400]
while k=[7] buffer=[0.000]
while k=[8] buffer=[0.400]
while buffer=[000009]
while k=[0] buffer=[03月04日19:08:43]
while k=[1] buffer=[16秒]
while k=[2] buffer=[被叫]
while k=[3] buffer=[13943411479]
while k=[4] buffer=[通化]
while k=[5] buffer=[本地通话]
while k=[6] buffer=[0.000]
while k=[7] buffer=[0.000]
while k=[8] buffer=[0.000]
while buffer=[000009]
while k=[0] buffer=[03月04日19:51:57]
while k=[1] buffer=[1分5秒]
while k=[2] buffer=[被叫]
while k=[3] buffer=[13943561823]
while k=[4] buffer=[通化]
while k=[5] buffer=[本地通话]
while k=[6] buffer=[0.000]
while k=[7] buffer=[0.000]
while k=[8] buffer=[0.000]
while buffer=[000009]
while k=[0] buffer=[03月04日19:55:36]
while k=[1] buffer=[12秒]
while k=[2] buffer=[被叫]
while k=[3] buffer=[13943561823]
while k=[4] buffer=[通化]
while k=[5] buffer=[本地通话]
while k=[6] buffer=[0.000]
while k=[7] buffer=[0.000]
while k=[8] buffer=[0.000]
while buffer=[000009]
while k=[0] buffer=[03月05日06:59:06]
while k=[1] buffer=[25秒]
while k=[2] buffer=[被叫]
while k=[3] buffer=[13894551955]
while k=[4] buffer=[通化]
while k=[5] buffer=[本地通话]
while k=[6] buffer=[0.000]
while k=[7] buffer=[0.000]
while k=[8] buffer=[0.000]
while buffer=[000009]
while k=[0] buffer=[03月05日08:00:22]
while k=[1] buffer=[17秒]
while k=[2] buffer=[被叫]
while k=[3] buffer=[13944523893]
while k=[4] buffer=[通化]
while k=[5] buffer=[本地通话]
while k=[6] buffer=[0.000]
while k=[7] buffer=[0.000]
while k=[8] buffer=[0.000]
while buffer=[000009]
while k=[0] buffer=[03月05日08:35:23]
while k=[1] buffer=[11秒]
while k=[2] buffer=[被叫]
while k=[3] buffer=[13944572019]
while k=[4] buffer=[通化]
while k=[5] buffer=[本地通话]
while k=[6] buffer=[0.000]
while k=[7] buffer=[0.000]
while k=[8] buffer=[0.000]
while buffer=[000009]
while k=[0] buffer=[03月05日09:03:51]
while k=[1] buffer=[13秒]
while k=[2] buffer=[被叫]
while k=[3] buffer=[13944523893]
while k=[4] buffer=[通化]
while k=[5] buffer=[本地通话]
while k=[6] buffer=[0.000]
while k=[7] buffer=[0.000]
while k=[8] buffer=[0.000]
while buffer=[000009]
while k=[0] buffer=[03月05日09:38:05]
while k=[1] buffer=[14秒]
while k=[2] buffer=[被叫]
while k=[3] buffer=[13404526968]
while k=[4] buffer=[通化]
while k=[5] buffer=[本地通话]
while k=[6] buffer=[0.000]
while k=[7] buffer=[0.000]
while k=[8] buffer=[0.000]
while buffer=[000009]
while k=[0] buffer=[03月05日09:42:59]
while k=[1] buffer=[36秒]
while k=[2] buffer=[被叫]
while k=[3] buffer=[13943561823]
while k=[4] buffer=[通化]
while k=[5] buffer=[本地通话]
while k=[6] buffer=[0.000]
while k=[7] buffer=[0.000]
while k=[8] buffer=[0.000]
while buffer=[000009]
while k=[0] buffer=[03月05日09:44:51]
while k=[1] buffer=[13秒]
while k=[2] buffer=[被叫]
while k=[3] buffer=[13944572019]
while k=[4] buffer=[通化]
while k=[5] buffer=[本地通话]
while k=[6] buffer=[0.000]
while k=[7] buffer=[0.000]
while k=[8] buffer=[0.000]
while buffer=[000009]
while k=[0] buffer=[03月05日09:46:19]
while k=[1] buffer=[27秒]
while k=[2] buffer=[主叫]
while k=[3] buffer=[13894551955]
while k=[4] buffer=[通化]
while k=[5] buffer=[本地通话]
while k=[6] buffer=[0.200]
while k=[7] buffer=[0.000]
while k=[8] buffer=[0.200]
while buffer=[000009]
while k=[0] buffer=[03月05日09:47:11]
while k=[1] buffer=[1分23秒]
while k=[2] buffer=[主叫]
while k=[3] buffer=[13943418991]
while k=[4] buffer=[通化]
while k=[5] buffer=[本地通话]
while k=[6] buffer=[0.400]
while k=[7] buffer=[0.000]
while k=[8] buffer=[0.400]
while buffer=[000009]
while k=[0] buffer=[03月05日10:02:56]
while k=[1] buffer=[32秒]
while k=[2] buffer=[主叫]
while k=[3] buffer=[13943418991]
while k=[4] buffer=[通化]
while k=[5] buffer=[本地通话]
while k=[6] buffer=[0.200]
while k=[7] buffer=[0.000]
while k=[8] buffer=[0.200]
while buffer=[000009]
while k=[0] buffer=[03月05日10:09:01]
while k=[1] buffer=[1分39秒]
while k=[2] buffer=[被叫]
while k=[3] buffer=[13943418991]
while k=[4] buffer=[通化]
while k=[5] buffer=[本地通话]
while k=[6] buffer=[0.000]
while k=[7] buffer=[0.000]
while k=[8] buffer=[0.000]
while buffer=[000009]
while k=[0] buffer=[03月05日10:16:00]
while k=[1] buffer=[40秒]
while k=[2] buffer=[被叫]
while k=[3] buffer=[13894551955]
while k=[4] buffer=[通化]
while k=[5] buffer=[本地通话]
while k=[6] buffer=[0.000]
while k=[7] buffer=[0.000]
while k=[8] buffer=[0.000]
while buffer=[000009]
while k=[0] buffer=[03月05日10:17:22]
while k=[1] buffer=[16秒]
while k=[2] buffer=[主叫]
while k=[3] buffer=[13944572019]
while k=[4] buffer=[通化]
while k=[5] buffer=[本地通话]
while k=[6] buffer=[0.200]
while k=[7] buffer=[0.000]
while k=[8] buffer=[0.200]
while buffer=[000009]
while k=[0] buffer=[03月05日10:19:39]
while k=[1] buffer=[22秒]
while k=[2] buffer=[被叫]
while k=[3] buffer=[15834583346]
while k=[4] buffer=[通化]
while k=[5] buffer=[本地通话]
while k=[6] buffer=[0.000]
while k=[7] buffer=[0.000]
while k=[8] buffer=[0.000]
while buffer=[000009]
while k=[0] buffer=[03月05日10:22:27]
while k=[1] buffer=[2分57秒]
while k=[2] buffer=[主叫]
while k=[3] buffer=[13843563739]
while k=[4] buffer=[通化]
while k=[5] buffer=[本地通话]
while k=[6] buffer=[0.600]
while k=[7] buffer=[0.000]
while k=[8] buffer=[0.600]
while buffer=[000009]
while k=[0] buffer=[03月05日10:50:28]
while k=[1] buffer=[10秒]
while k=[2] buffer=[被叫]
while k=[3] buffer=[13404526968]
while k=[4] buffer=[通化]
while k=[5] buffer=[本地通话]
while k=[6] buffer=[0.000]
while k=[7] buffer=[0.000]
while k=[8] buffer=[0.000]
while buffer=[000009]
while k=[0] buffer=[03月05日11:06:05]
while k=[1] buffer=[22秒]
while k=[2] buffer=[主叫]
while k=[3] buffer=[10086]
while k=[4] buffer=[通化]
while k=[5] buffer=[本地通话]
while k=[6] buffer=[0.000]
while k=[7] buffer=[0.000]
while k=[8] buffer=[0.000]
while buffer=[000009]
while k=[0] buffer=[03月05日12:03:41]
while k=[1] buffer=[3分25秒]
while k=[2] buffer=[主叫]
while k=[3] buffer=[13943418991]
while k=[4] buffer=[通化]
while k=[5] buffer=[本地通话]
while k=[6] buffer=[0.800]
while k=[7] buffer=[0.000]
while k=[8] buffer=[0.800]
while buffer=[000009]
while k=[0] buffer=[03月05日12:09:50]
while k=[1] buffer=[2分13秒]
while k=[2] buffer=[被叫]
while k=[3] buffer=[13943418991]
while k=[4] buffer=[通化]
while k=[5] buffer=[本地通话]
while k=[6] buffer=[0.000]
while k=[7] buffer=[0.000]
while k=[8] buffer=[0.000]
while buffer=[000009]
while k=[0] buffer=[03月05日12:16:49]
while k=[1] buffer=[1分23秒]
while k=[2] buffer=[主叫]
while k=[3] buffer=[13843563739]
while k=[4] buffer=[通化]
while k=[5] buffer=[本地通话]
while k=[6] buffer=[0.400]
while k=[7] buffer=[0.000]
while k=[8] buffer=[0.400]
while buffer=[000009]
while k=[0] buffer=[03月05日12:44:18]
while k=[1] buffer=[54秒]
while k=[2] buffer=[主叫]
while k=[3] buffer=[13500976117]
while k=[4] buffer=[通化]
while k=[5] buffer=[本地通话]
while k=[6] buffer=[0.200]
while k=[7] buffer=[0.000]
while k=[8] buffer=[0.200]
while buffer=[000009]
while k=[0] buffer=[03月05日13:32:41]
while k=[1] buffer=[1分25秒]
while k=[2] buffer=[被叫]
while k=[3] buffer=[13894578333]
while k=[4] buffer=[通化]
while k=[5] buffer=[本地通话]
while k=[6] buffer=[0.000]
while k=[7] buffer=[0.000]
while k=[8] buffer=[0.000]
while buffer=[000009]
while k=[0] buffer=[03月05日13:56:56]
while k=[1] buffer=[1分31秒]
while k=[2] buffer=[被叫]
while k=[3] buffer=[13894573638]
while k=[4] buffer=[通化]
while k=[5] buffer=[本地通话]
while k=[6] buffer=[0.000]
while k=[7] buffer=[0.000]
while k=[8] buffer=[0.000]
while buffer=[000009]
while k=[0] buffer=[03月05日15:37:27]
while k=[1] buffer=[1分42秒]
while k=[2] buffer=[被叫]
while k=[3] buffer=[13894573313]
while k=[4] buffer=[通化]
while k=[5] buffer=[本地通话]
while k=[6] buffer=[0.000]
while k=[7] buffer=[0.000]
while k=[8] buffer=[0.000]
while buffer=[000009]
while k=[0] buffer=[03月05日16:05:59]
while k=[1] buffer=[16秒]
while k=[2] buffer=[主叫]
while k=[3] buffer=[13944523893]
while k=[4] buffer=[通化]
while k=[5] buffer=[本地通话]
while k=[6] buffer=[0.200]
while k=[7] buffer=[0.000]
while k=[8] buffer=[0.200]
while buffer=[000009]
while k=[0] buffer=[03月05日16:08:10]
while k=[1] buffer=[46秒]
while k=[2] buffer=[主叫]
while k=[3] buffer=[13944523893]
while k=[4] buffer=[通化]
while k=[5] buffer=[本地通话]
while k=[6] buffer=[0.200]
while k=[7] buffer=[0.000]
while k=[8] buffer=[0.200]
while buffer=[000009]
while k=[0] buffer=[03月05日16:20:06]
while k=[1] buffer=[11秒]
while k=[2] buffer=[主叫]
while k=[3] buffer=[13843563739]
while k=[4] buffer=[通化]
while k=[5] buffer=[本地通话]
while k=[6] buffer=[0.200]
while k=[7] buffer=[0.000]
while k=[8] buffer=[0.200]
while buffer=[000009]
while k=[0] buffer=[03月05日16:21:08]
while k=[1] buffer=[4分6秒]
while k=[2] buffer=[被叫]
while k=[3] buffer=[13843563739]
while k=[4] buffer=[通化]
while k=[5] buffer=[本地通话]
while k=[6] buffer=[0.000]
while k=[7] buffer=[0.000]
while k=[8] buffer=[0.000]
while buffer=[000009]
while k=[0] buffer=[03月05日16:29:11]
while k=[1] buffer=[1分19秒]
while k=[2] buffer=[主叫]
while k=[3] buffer=[13943418991]
while k=[4] buffer=[通化]
while k=[5] buffer=[本地通话]
while k=[6] buffer=[0.400]
while k=[7] buffer=[0.000]
while k=[8] buffer=[0.400]
while buffer=[000009]
while k=[0] buffer=[03月05日16:32:39]
while k=[1] buffer=[6秒]
while k=[2] buffer=[被叫]
while k=[3] buffer=[0001961202]
while k=[4] buffer=[通化]
while k=[5] buffer=[本地通话]
while k=[6] buffer=[0.000]
while k=[7] buffer=[0.000]
while k=[8] buffer=[0.000]
while buffer=[000009]
while k=[0] buffer=[03月05日16:43:46]
while k=[1] buffer=[39秒]
while k=[2] buffer=[主叫]
while k=[3] buffer=[13943418991]
while k=[4] buffer=[通化]
while k=[5] buffer=[本地通话]
while k=[6] buffer=[0.200]
while k=[7] buffer=[0.000]
while k=[8] buffer=[0.200]
while buffer=[000009]
while k=[0] buffer=[03月05日19:13:45]
while k=[1] buffer=[1分45秒]
while k=[2] buffer=[主叫]
while k=[3] buffer=[13943418991]
while k=[4] buffer=[通化]
while k=[5] buffer=[本地通话]
while k=[6] buffer=[0.400]
while k=[7] buffer=[0.000]
while k=[8] buffer=[0.400]
while buffer=[000009]
while k=[0] buffer=[03月05日19:39:07]
while k=[1] buffer=[37秒]
while k=[2] buffer=[被叫]
while k=[3] buffer=[13404526968]
while k=[4] buffer=[通化]
while k=[5] buffer=[本地通话]
while k=[6] buffer=[0.000]
while k=[7] buffer=[0.000]
while k=[8] buffer=[0.000]
while buffer=[000009]
while k=[0] buffer=[03月06日07:07:28]
while k=[1] buffer=[1分27秒]
while k=[2] buffer=[主叫]
while k=[3] buffer=[13943418991]
while k=[4] buffer=[通化]
while k=[5] buffer=[本地通话]
while k=[6] buffer=[0.400]
while k=[7] buffer=[0.000]
while k=[8] buffer=[0.400]
while buffer=[000009]
while k=[0] buffer=[03月06日07:09:32]
while k=[1] buffer=[25秒]
while k=[2] buffer=[被叫]
while k=[3] buffer=[13943563356]
while k=[4] buffer=[通化]
while k=[5] buffer=[本地通话]
while k=[6] buffer=[0.000]
while k=[7] buffer=[0.000]
while k=[8] buffer=[0.000]
while buffer=[000009]
while k=[0] buffer=[03月06日07:58:07]
while k=[1] buffer=[19秒]
while k=[2] buffer=[被叫]
while k=[3] buffer=[13843563739]
while k=[4] buffer=[通化]
while k=[5] buffer=[本地通话]
while k=[6] buffer=[0.000]
while k=[7] buffer=[0.000]
while k=[8] buffer=[0.000]
while buffer=[000009]
while k=[0] buffer=[03月06日08:31:10]
while k=[1] buffer=[2秒]
while k=[2] buffer=[被叫]
while k=[3] buffer=[13843563739]
while k=[4] buffer=[通化]
while k=[5] buffer=[本地通话]
while k=[6] buffer=[0.000]
while k=[7] buffer=[0.000]
while k=[8] buffer=[0.000]
while buffer=[000009]
while k=[0] buffer=[03月06日08:31:43]
while k=[1] buffer=[44秒]
while k=[2] buffer=[主叫]
while k=[3] buffer=[13843563739]
while k=[4] buffer=[通化]
while k=[5] buffer=[本地通话]
while k=[6] buffer=[0.200]
while k=[7] buffer=[0.000]
while k=[8] buffer=[0.200]
while buffer=[000009]
while k=[0] buffer=[03月06日08:47:19]
while k=[1] buffer=[24秒]
while k=[2] buffer=[被叫]
while k=[3] buffer=[13843563739]
while k=[4] buffer=[通化]
while k=[5] buffer=[本地通话]
while k=[6] buffer=[0.000]
while k=[7] buffer=[0.000]
while k=[8] buffer=[0.000]
while counter=[3]
while counter=[3] ret_lines=[48]
while buffer=[000009]
while k=[0] buffer=[03月06日08:52:28]
while k=[1] buffer=[16秒]
while k=[2] buffer=[被叫]
while k=[3] buffer=[13843563739]
while k=[4] buffer=[通化]
while k=[5] buffer=[本地通话]
while k=[6] buffer=[0.000]
while k=[7] buffer=[0.000]
while k=[8] buffer=[0.000]
while buffer=[000009]
while k=[0] buffer=[03月06日11:05:42]
while k=[1] buffer=[2秒]
while k=[2] buffer=[被叫]
while k=[3] buffer=[13843563739]
while k=[4] buffer=[通化]
while k=[5] buffer=[本地通话]
while k=[6] buffer=[0.000]
while k=[7] buffer=[0.000]
while k=[8] buffer=[0.000]
while buffer=[000009]
while k=[0] buffer=[03月06日11:06:10]
while k=[1] buffer=[33秒]
while k=[2] buffer=[主叫]
while k=[3] buffer=[13843563739]
while k=[4] buffer=[通化]
while k=[5] buffer=[本地通话]
while k=[6] buffer=[0.200]
while k=[7] buffer=[0.000]
while k=[8] buffer=[0.200]
while buffer=[000009]
while k=[0] buffer=[03月06日12:11:11]
while k=[1] buffer=[9秒]
while k=[2] buffer=[主叫]
while k=[3] buffer=[13843563739]
while k=[4] buffer=[通化]
while k=[5] buffer=[本地通话]
while k=[6] buffer=[0.200]
while k=[7] buffer=[0.000]
while k=[8] buffer=[0.200]
while buffer=[000009]
while k=[0] buffer=[03月06日12:17:08]
while k=[1] buffer=[28秒]
while k=[2] buffer=[被叫]
while k=[3] buffer=[13843563739]
while k=[4] buffer=[通化]
while k=[5] buffer=[本地通话]
while k=[6] buffer=[0.000]
while k=[7] buffer=[0.000]
while k=[8] buffer=[0.000]
while buffer=[000009]
while k=[0] buffer=[03月06日12:41:59]
while k=[1] buffer=[22秒]
while k=[2] buffer=[被叫]
while k=[3] buffer=[13843563739]
while k=[4] buffer=[通化]
while k=[5] buffer=[本地通话]
while k=[6] buffer=[0.000]
while k=[7] buffer=[0.000]
while k=[8] buffer=[0.000]
while buffer=[000009]
while k=[0] buffer=[03月06日14:48:47]
while k=[1] buffer=[15秒]
while k=[2] buffer=[被叫]
while k=[3] buffer=[13944572019]
while k=[4] buffer=[通化]
while k=[5] buffer=[本地通话]
while k=[6] buffer=[0.000]
while k=[7] buffer=[0.000]
while k=[8] buffer=[0.000]
while buffer=[000009]
while k=[0] buffer=[03月07日08:22:56]
while k=[1] buffer=[2分25秒]
while k=[2] buffer=[被叫]
while k=[3] buffer=[15834541379]
while k=[4] buffer=[通化]
while k=[5] buffer=[本地通话]
while k=[6] buffer=[0.000]
while k=[7] buffer=[0.000]
while k=[8] buffer=[0.000]
while buffer=[000009]
while k=[0] buffer=[03月07日11:06:23]
while k=[1] buffer=[1分7秒]
while k=[2] buffer=[被叫]
while k=[3] buffer=[15834541379]
while k=[4] buffer=[通化]
while k=[5] buffer=[本地通话]
while k=[6] buffer=[0.000]
while k=[7] buffer=[0.000]
while k=[8] buffer=[0.000]
while buffer=[000009]
while k=[0] buffer=[03月07日11:21:14]
while k=[1] buffer=[12秒]
while k=[2] buffer=[被叫]
while k=[3] buffer=[15834541379]
while k=[4] buffer=[通化]
while k=[5] buffer=[本地通话]
while k=[6] buffer=[0.000]
while k=[7] buffer=[0.000]
while k=[8] buffer=[0.000]
while buffer=[000009]
while k=[0] buffer=[03月08日06:40:56]
while k=[1] buffer=[2分33秒]
while k=[2] buffer=[被叫]
while k=[3] buffer=[13944522896]
while k=[4] buffer=[通化]
while k=[5] buffer=[本地通话]
while k=[6] buffer=[0.000]
while k=[7] buffer=[0.000]
while k=[8] buffer=[0.000]
while buffer=[000009]
while k=[0] buffer=[03月08日06:56:55]
while k=[1] buffer=[31秒]
while k=[2] buffer=[被叫]
while k=[3] buffer=[13944522896]
while k=[4] buffer=[通化]
while k=[5] buffer=[本地通话]
while k=[6] buffer=[0.000]
while k=[7] buffer=[0.000]
while k=[8] buffer=[0.000]
while buffer=[000009]
while k=[0] buffer=[03月08日06:58:39]
while k=[1] buffer=[1分8秒]
while k=[2] buffer=[主叫]
while k=[3] buffer=[13843564845]
while k=[4] buffer=[通化]
while k=[5] buffer=[本地通话]
while k=[6] buffer=[0.400]
while k=[7] buffer=[0.000]
while k=[8] buffer=[0.400]
while buffer=[000009]
while k=[0] buffer=[03月08日08:21:15]
while k=[1] buffer=[1分11秒]
while k=[2] buffer=[被叫]
while k=[3] buffer=[15834541379]
while k=[4] buffer=[通化]
while k=[5] buffer=[本地通话]
while k=[6] buffer=[0.000]
while k=[7] buffer=[0.000]
while k=[8] buffer=[0.000]
while buffer=[000009]
while k=[0] buffer=[03月08日09:54:42]
while k=[1] buffer=[1分21秒]
while k=[2] buffer=[主叫]
while k=[3] buffer=[13943418991]
while k=[4] buffer=[通化]
while k=[5] buffer=[本地通话]
while k=[6] buffer=[0.400]
while k=[7] buffer=[0.000]
while k=[8] buffer=[0.400]
while buffer=[000009]
while k=[0] buffer=[03月08日09:57:45]
while k=[1] buffer=[36秒]
while k=[2] buffer=[主叫]
while k=[3] buffer=[13843563739]
while k=[4] buffer=[通化]
while k=[5] buffer=[本地通话]
while k=[6] buffer=[0.200]
while k=[7] buffer=[0.000]
while k=[8] buffer=[0.200]
while buffer=[000009]
while k=[0] buffer=[03月08日10:05:57]
while k=[1] buffer=[38秒]
while k=[2] buffer=[被叫]
while k=[3] buffer=[15834541379]
while k=[4] buffer=[通化]
while k=[5] buffer=[本地通话]
while k=[6] buffer=[0.000]
while k=[7] buffer=[0.000]
while k=[8] buffer=[0.000]
while buffer=[000009]
while k=[0] buffer=[03月08日10:26:25]
while k=[1] buffer=[1分4秒]
while k=[2] buffer=[主叫]
while k=[3] buffer=[15834541379]
while k=[4] buffer=[通化]
while k=[5] buffer=[本地通话]
while k=[6] buffer=[0.400]
while k=[7] buffer=[0.000]
while k=[8] buffer=[0.400]
while buffer=[000009]
while k=[0] buffer=[03月08日10:35:07]
while k=[1] buffer=[1分57秒]
while k=[2] buffer=[被叫]
while k=[3] buffer=[15834541379]
while k=[4] buffer=[通化]
while k=[5] buffer=[本地通话]
while k=[6] buffer=[0.000]
while k=[7] buffer=[0.000]
while k=[8] buffer=[0.000]
while buffer=[000009]
while k=[0] buffer=[03月08日11:00:07]
while k=[1] buffer=[26秒]
while k=[2] buffer=[主叫]
while k=[3] buffer=[13944572019]
while k=[4] buffer=[通化]
while k=[5] buffer=[本地通话]
while k=[6] buffer=[0.200]
while k=[7] buffer=[0.000]
while k=[8] buffer=[0.200]
while buffer=[000009]
while k=[0] buffer=[03月08日11:55:47]
while k=[1] buffer=[24秒]
while k=[2] buffer=[主叫]
while k=[3] buffer=[13944572019]
while k=[4] buffer=[通化]
while k=[5] buffer=[本地通话]
while k=[6] buffer=[0.200]
while k=[7] buffer=[0.000]
while k=[8] buffer=[0.200]
while buffer=[000009]
while k=[0] buffer=[03月08日12:13:43]
while k=[1] buffer=[3分39秒]
while k=[2] buffer=[被叫]
while k=[3] buffer=[13943418991]
while k=[4] buffer=[通化]
while k=[5] buffer=[本地通话]
while k=[6] buffer=[0.000]
while k=[7] buffer=[0.000]
while k=[8] buffer=[0.000]
while buffer=[000009]
while k=[0] buffer=[03月08日12:44:46]
while k=[1] buffer=[23秒]
while k=[2] buffer=[被叫]
while k=[3] buffer=[13943418991]
while k=[4] buffer=[通化]
while k=[5] buffer=[本地通话]
while k=[6] buffer=[0.000]
while k=[7] buffer=[0.000]
while k=[8] buffer=[0.000]
while buffer=[000009]
while k=[0] buffer=[03月08日13:26:45]
while k=[1] buffer=[8秒]
while k=[2] buffer=[被叫]
while k=[3] buffer=[13944572019]
while k=[4] buffer=[通化]
while k=[5] buffer=[本地通话]
while k=[6] buffer=[0.000]
while k=[7] buffer=[0.000]
while k=[8] buffer=[0.000]
while buffer=[000009]
while k=[0] buffer=[03月09日08:09:42]
while k=[1] buffer=[29秒]
while k=[2] buffer=[主叫]
while k=[3] buffer=[13944523893]
while k=[4] buffer=[通化]
while k=[5] buffer=[本地通话]
while k=[6] buffer=[0.200]
while k=[7] buffer=[0.000]
while k=[8] buffer=[0.200]
while buffer=[000009]
while k=[0] buffer=[03月09日08:14:43]
while k=[1] buffer=[57秒]
while k=[2] buffer=[被叫]
while k=[3] buffer=[13604352797]
while k=[4] buffer=[通化]
while k=[5] buffer=[本地通话]
while k=[6] buffer=[0.000]
while k=[7] buffer=[0.000]
while k=[8] buffer=[0.000]
while buffer=[000009]
while k=[0] buffer=[03月09日09:01:43]
while k=[1] buffer=[12秒]
while k=[2] buffer=[被叫]
while k=[3] buffer=[13944572019]
while k=[4] buffer=[通化]
while k=[5] buffer=[本地通话]
while k=[6] buffer=[0.000]
while k=[7] buffer=[0.000]
while k=[8] buffer=[0.000]
while buffer=[000009]
while k=[0] buffer=[03月09日09:19:45]
while k=[1] buffer=[18秒]
while k=[2] buffer=[被叫]
while k=[3] buffer=[15944537631]
while k=[4] buffer=[通化]
while k=[5] buffer=[本地通话]
while k=[6] buffer=[0.000]
while k=[7] buffer=[0.000]
while k=[8] buffer=[0.000]
while buffer=[000009]
while k=[0] buffer=[03月09日10:21:50]
while k=[1] buffer=[10秒]
while k=[2] buffer=[主叫]
while k=[3] buffer=[15944537631]
while k=[4] buffer=[通化]
while k=[5] buffer=[本地通话]
while k=[6] buffer=[0.200]
while k=[7] buffer=[0.000]
while k=[8] buffer=[0.200]
while buffer=[000009]
while k=[0] buffer=[03月09日10:40:26]
while k=[1] buffer=[3分20秒]
while k=[2] buffer=[主叫]
while k=[3] buffer=[15834541379]
while k=[4] buffer=[通化]
while k=[5] buffer=[本地通话]
while k=[6] buffer=[0.800]
while k=[7] buffer=[0.000]
while k=[8] buffer=[0.800]
while buffer=[000009]
while k=[0] buffer=[03月09日11:18:24]
while k=[1] buffer=[27秒]
while k=[2] buffer=[被叫]
while k=[3] buffer=[13943418991]
while k=[4] buffer=[通化]
while k=[5] buffer=[本地通话]
while k=[6] buffer=[0.000]
while k=[7] buffer=[0.000]
while k=[8] buffer=[0.000]
while buffer=[000009]
while k=[0] buffer=[03月09日11:24:17]
while k=[1] buffer=[23秒]
while k=[2] buffer=[主叫]
while k=[3] buffer=[13943418991]
while k=[4] buffer=[通化]
while k=[5] buffer=[本地通话]
while k=[6] buffer=[0.200]
while k=[7] buffer=[0.000]
while k=[8] buffer=[0.200]
while buffer=[000009]
while k=[0] buffer=[03月09日11:43:51]
while k=[1] buffer=[1分18秒]
while k=[2] buffer=[主叫]
while k=[3] buffer=[2888044]
while k=[4] buffer=[通化]
while k=[5] buffer=[本地通话]
while k=[6] buffer=[0.400]
while k=[7] buffer=[0.000]
while k=[8] buffer=[0.400]
while buffer=[000009]
while k=[0] buffer=[03月09日11:45:41]
while k=[1] buffer=[15秒]
while k=[2] buffer=[主叫]
while k=[3] buffer=[15944537631]
while k=[4] buffer=[通化]
while k=[5] buffer=[本地通话]
while k=[6] buffer=[0.200]
while k=[7] buffer=[0.000]
while k=[8] buffer=[0.200]
while buffer=[000009]
while k=[0] buffer=[03月09日11:48:04]
while k=[1] buffer=[9秒]
while k=[2] buffer=[主叫]
while k=[3] buffer=[13943563356]
while k=[4] buffer=[通化]
while k=[5] buffer=[本地通话]
while k=[6] buffer=[0.200]
while k=[7] buffer=[0.000]
while k=[8] buffer=[0.200]
while buffer=[000009]
while k=[0] buffer=[03月09日12:05:35]
while k=[1] buffer=[51秒]
while k=[2] buffer=[主叫]
while k=[3] buffer=[13943563356]
while k=[4] buffer=[通化]
while k=[5] buffer=[本地通话]
while k=[6] buffer=[0.200]
while k=[7] buffer=[0.000]
while k=[8] buffer=[0.200]
while buffer=[000009]
while k=[0] buffer=[03月09日14:21:19]
while k=[1] buffer=[54秒]
while k=[2] buffer=[主叫]
while k=[3] buffer=[10086]
while k=[4] buffer=[通化]
while k=[5] buffer=[本地通话]
while k=[6] buffer=[0.000]
while k=[7] buffer=[0.000]
while k=[8] buffer=[0.000]
while buffer=[000009]
while k=[0] buffer=[03月09日15:37:32]
while k=[1] buffer=[35秒]
while k=[2] buffer=[主叫]
while k=[3] buffer=[15834541379]
while k=[4] buffer=[通化]
while k=[5] buffer=[本地通话]
while k=[6] buffer=[0.200]
while k=[7] buffer=[0.000]
while k=[8] buffer=[0.200]
while buffer=[000009]
while k=[0] buffer=[03月09日15:38:41]
while k=[1] buffer=[2分34秒]
while k=[2] buffer=[主叫]
while k=[3] buffer=[15834541379]
while k=[4] buffer=[通化]
while k=[5] buffer=[本地通话]
while k=[6] buffer=[0.600]
while k=[7] buffer=[0.000]
while k=[8] buffer=[0.600]
while buffer=[000009]
while k=[0] buffer=[03月09日16:19:56]
while k=[1] buffer=[44秒]
while k=[2] buffer=[主叫]
while k=[3] buffer=[15834541379]
while k=[4] buffer=[通化]
while k=[5] buffer=[本地通话]
while k=[6] buffer=[0.200]
while k=[7] buffer=[0.000]
while k=[8] buffer=[0.200]
while buffer=[000009]
while k=[0] buffer=[03月09日16:21:38]
while k=[1] buffer=[4分5秒]
while k=[2] buffer=[主叫]
while k=[3] buffer=[15834541379]
while k=[4] buffer=[通化]
while k=[5] buffer=[本地通话]
while k=[6] buffer=[1.000]
while k=[7] buffer=[0.000]
while k=[8] buffer=[1.000]
while buffer=[000009]
while k=[0] buffer=[03月09日17:03:02]
while k=[1] buffer=[49秒]
while k=[2] buffer=[主叫]
while k=[3] buffer=[13943418991]
while k=[4] buffer=[通化]
while k=[5] buffer=[本地通话]
while k=[6] buffer=[0.200]
while k=[7] buffer=[0.000]
while k=[8] buffer=[0.200]
while buffer=[000009]
while k=[0] buffer=[03月09日18:53:20]
while k=[1] buffer=[3分21秒]
while k=[2] buffer=[被叫]
while k=[3] buffer=[13689869521]
while k=[4] buffer=[通化]
while k=[5] buffer=[本地通话]
while k=[6] buffer=[0.000]
while k=[7] buffer=[0.000]
while k=[8] buffer=[0.000]
while buffer=[000009]
while k=[0] buffer=[03月09日18:58:51]
while k=[1] buffer=[1分9秒]
while k=[2] buffer=[主叫]
while k=[3] buffer=[8812672]
while k=[4] buffer=[通化]
while k=[5] buffer=[本地通话]
while k=[6] buffer=[0.400]
while k=[7] buffer=[0.000]
while k=[8] buffer=[0.400]
while buffer=[000009]
while k=[0] buffer=[03月10日07:42:06]
while k=[1] buffer=[56秒]
while k=[2] buffer=[被叫]
while k=[3] buffer=[15834541379]
while k=[4] buffer=[通化]
while k=[5] buffer=[本地通话]
while k=[6] buffer=[0.000]
while k=[7] buffer=[0.000]
while k=[8] buffer=[0.000]
while buffer=[000009]
while k=[0] buffer=[03月10日07:44:01]
while k=[1] buffer=[1分15秒]
while k=[2] buffer=[主叫]
while k=[3] buffer=[15834541379]
while k=[4] buffer=[通化]
while k=[5] buffer=[本地通话]
while k=[6] buffer=[0.400]
while k=[7] buffer=[0.000]
while k=[8] buffer=[0.400]
while buffer=[000009]
while k=[0] buffer=[03月10日08:04:12]
while k=[1] buffer=[7秒]
while k=[2] buffer=[主叫]
while k=[3] buffer=[15834541379]
while k=[4] buffer=[通化]
while k=[5] buffer=[本地通话]
while k=[6] buffer=[0.200]
while k=[7] buffer=[0.000]
while k=[8] buffer=[0.200]
while buffer=[000009]
while k=[0] buffer=[03月10日08:04:59]
while k=[1] buffer=[16秒]
while k=[2] buffer=[主叫]
while k=[3] buffer=[15834541379]
while k=[4] buffer=[通化]
while k=[5] buffer=[本地通话]
while k=[6] buffer=[0.200]
while k=[7] buffer=[0.000]
while k=[8] buffer=[0.200]
while counter=[4]
while counter=[4] ret_lines=[48]
while buffer=[000009]
while k=[0] buffer=[03月10日08:21:45]
while k=[1] buffer=[55秒]
while k=[2] buffer=[被叫]
while k=[3] buffer=[13664459515]
while k=[4] buffer=[通化]
while k=[5] buffer=[本地通话]
while k=[6] buffer=[0.000]
while k=[7] buffer=[0.000]
while k=[8] buffer=[0.000]
while buffer=[000009]
while k=[0] buffer=[03月10日08:24:26]
while k=[1] buffer=[33秒]
while k=[2] buffer=[主叫]
while k=[3] buffer=[13944522896]
while k=[4] buffer=[通化]
while k=[5] buffer=[本地通话]
while k=[6] buffer=[0.200]
while k=[7] buffer=[0.000]
while k=[8] buffer=[0.200]
while buffer=[000009]
while k=[0] buffer=[03月10日08:26:53]
while k=[1] buffer=[54秒]
while k=[2] buffer=[主叫]
while k=[3] buffer=[13944564337]
while k=[4] buffer=[通化]
while k=[5] buffer=[本地通话]
while k=[6] buffer=[0.200]
while k=[7] buffer=[0.000]
while k=[8] buffer=[0.200]
while buffer=[000009]
while k=[0] buffer=[03月10日08:28:03]
while k=[1] buffer=[23秒]
while k=[2] buffer=[被叫]
while k=[3] buffer=[15834541379]
while k=[4] buffer=[通化]
while k=[5] buffer=[本地通话]
while k=[6] buffer=[0.000]
while k=[7] buffer=[0.000]
while k=[8] buffer=[0.000]
while buffer=[000009]
while k=[0] buffer=[03月10日08:29:08]
while k=[1] buffer=[33秒]
while k=[2] buffer=[主叫]
while k=[3] buffer=[13943563356]
while k=[4] buffer=[通化]
while k=[5] buffer=[本地通话]
while k=[6] buffer=[0.200]
while k=[7] buffer=[0.000]
while k=[8] buffer=[0.200]
while buffer=[000009]
while k=[0] buffer=[03月10日08:31:35]
while k=[1] buffer=[33秒]
while k=[2] buffer=[被叫]
while k=[3] buffer=[13894500349]
while k=[4] buffer=[通化]
while k=[5] buffer=[本地通话]
while k=[6] buffer=[0.000]
while k=[7] buffer=[0.000]
while k=[8] buffer=[0.000]
while buffer=[000009]
while k=[0] buffer=[03月10日09:00:39]
while k=[1] buffer=[18秒]
while k=[2] buffer=[被叫]
while k=[3] buffer=[15944537631]
while k=[4] buffer=[通化]
while k=[5] buffer=[本地通话]
while k=[6] buffer=[0.000]
while k=[7] buffer=[0.000]
while k=[8] buffer=[0.000]
while buffer=[000009]
while k=[0] buffer=[03月10日09:05:10]
while k=[1] buffer=[51秒]
while k=[2] buffer=[主叫]
while k=[3] buffer=[13943563356]
while k=[4] buffer=[通化]
while k=[5] buffer=[本地通话]
while k=[6] buffer=[0.200]
while k=[7] buffer=[0.000]
while k=[8] buffer=[0.200]
while buffer=[000009]
while k=[0] buffer=[03月10日09:09:40]
while k=[1] buffer=[29秒]
while k=[2] buffer=[被叫]
while k=[3] buffer=[13944522896]
while k=[4] buffer=[通化]
while k=[5] buffer=[本地通话]
while k=[6] buffer=[0.000]
while k=[7] buffer=[0.000]
while k=[8] buffer=[0.000]
while buffer=[000009]
while k=[0] buffer=[03月10日09:16:15]
while k=[1] buffer=[29秒]
while k=[2] buffer=[被叫]
while k=[3] buffer=[13944522896]
while k=[4] buffer=[通化]
while k=[5] buffer=[本地通话]
while k=[6] buffer=[0.000]
while k=[7] buffer=[0.000]
while k=[8] buffer=[0.000]
while buffer=[000009]
while k=[0] buffer=[03月10日09:41:38]
while k=[1] buffer=[36秒]
while k=[2] buffer=[被叫]
while k=[3] buffer=[13943563356]
while k=[4] buffer=[通化]
while k=[5] buffer=[本地通话]
while k=[6] buffer=[0.000]
while k=[7] buffer=[0.000]
while k=[8] buffer=[0.000]
while buffer=[000009]
while k=[0] buffer=[03月10日09:48:37]
while k=[1] buffer=[54秒]
while k=[2] buffer=[被叫]
while k=[3] buffer=[13234351360]
while k=[4] buffer=[通化]
while k=[5] buffer=[本地通话]
while k=[6] buffer=[0.000]
while k=[7] buffer=[0.000]
while k=[8] buffer=[0.000]
while buffer=[000009]
while k=[0] buffer=[03月10日10:13:40]
while k=[1] buffer=[11秒]
while k=[2] buffer=[主叫]
while k=[3] buffer=[13943563356]
while k=[4] buffer=[通化]
while k=[5] buffer=[本地通话]
while k=[6] buffer=[0.200]
while k=[7] buffer=[0.000]
while k=[8] buffer=[0.200]
while buffer=[000009]
while k=[0] buffer=[03月10日10:15:11]
while k=[1] buffer=[31秒]
while k=[2] buffer=[主叫]
while k=[3] buffer=[13944522896]
while k=[4] buffer=[通化]
while k=[5] buffer=[本地通话]
while k=[6] buffer=[0.200]
while k=[7] buffer=[0.000]
while k=[8] buffer=[0.200]
while buffer=[000009]
while k=[0] buffer=[03月10日10:16:10]
while k=[1] buffer=[42秒]
while k=[2] buffer=[主叫]
while k=[3] buffer=[15944537631]
while k=[4] buffer=[通化]
while k=[5] buffer=[本地通话]
while k=[6] buffer=[0.200]
while k=[7] buffer=[0.000]
while k=[8] buffer=[0.200]
while buffer=[000009]
while k=[0] buffer=[03月10日15:40:50]
while k=[1] buffer=[1分29秒]
while k=[2] buffer=[主叫]
while k=[3] buffer=[13943418991]
while k=[4] buffer=[通化]
while k=[5] buffer=[本地通话]
while k=[6] buffer=[0.400]
while k=[7] buffer=[0.000]
while k=[8] buffer=[0.400]
while buffer=[000009]
while k=[0] buffer=[03月10日17:46:28]
while k=[1] buffer=[1分8秒]
while k=[2] buffer=[被叫]
while k=[3] buffer=[13943418991]
while k=[4] buffer=[通化]
while k=[5] buffer=[本地通话]
while k=[6] buffer=[0.000]
while k=[7] buffer=[0.000]
while k=[8] buffer=[0.000]
while buffer=[000009]
while k=[0] buffer=[03月10日18:12:18]
while k=[1] buffer=[1分10秒]
while k=[2] buffer=[主叫]
while k=[3] buffer=[13894578333]
while k=[4] buffer=[通化]
while k=[5] buffer=[本地通话]
while k=[6] buffer=[0.400]
while k=[7] buffer=[0.000]
while k=[8] buffer=[0.400]
while buffer=[000009]
while k=[0] buffer=[03月10日18:17:25]
while k=[1] buffer=[21秒]
while k=[2] buffer=[被叫]
while k=[3] buffer=[13944672019]
while k=[4] buffer=[通化]
while k=[5] buffer=[本地通话]
while k=[6] buffer=[0.000]
while k=[7] buffer=[0.000]
while k=[8] buffer=[0.000]
while buffer=[000009]
while k=[0] buffer=[03月11日08:25:44]
while k=[1] buffer=[37秒]
while k=[2] buffer=[被叫]
while k=[3] buffer=[13604352797]
while k=[4] buffer=[通化]
while k=[5] buffer=[本地通话]
while k=[6] buffer=[0.000]
while k=[7] buffer=[0.000]
while k=[8] buffer=[0.000]
while buffer=[000009]
while k=[0] buffer=[03月11日08:27:00]
while k=[1] buffer=[1分44秒]
while k=[2] buffer=[主叫]
while k=[3] buffer=[13404526968]
while k=[4] buffer=[通化]
while k=[5] buffer=[本地通话]
while k=[6] buffer=[0.400]
while k=[7] buffer=[0.000]
while k=[8] buffer=[0.400]
while buffer=[000009]
while k=[0] buffer=[03月11日10:24:12]
while k=[1] buffer=[21秒]
while k=[2] buffer=[被叫]
while k=[3] buffer=[15834541379]
while k=[4] buffer=[通化]
while k=[5] buffer=[本地通话]
while k=[6] buffer=[0.000]
while k=[7] buffer=[0.000]
while k=[8] buffer=[0.000]
while buffer=[000009]
while k=[0] buffer=[03月11日11:37:21]
while k=[1] buffer=[3分8秒]
while k=[2] buffer=[主叫]
while k=[3] buffer=[15834541379]
while k=[4] buffer=[通化]
while k=[5] buffer=[本地通话]
while k=[6] buffer=[0.800]
while k=[7] buffer=[0.000]
while k=[8] buffer=[0.800]
while buffer=[000009]
while k=[0] buffer=[03月11日12:03:33]
while k=[1] buffer=[54秒]
while k=[2] buffer=[主叫]
while k=[3] buffer=[15944537631]
while k=[4] buffer=[通化]
while k=[5] buffer=[本地通话]
while k=[6] buffer=[0.200]
while k=[7] buffer=[0.000]
while k=[8] buffer=[0.200]
while buffer=[000009]
while k=[0] buffer=[03月11日12:34:32]
while k=[1] buffer=[30秒]
while k=[2] buffer=[主叫]
while k=[3] buffer=[15834541379]
while k=[4] buffer=[通化]
while k=[5] buffer=[本地通话]
while k=[6] buffer=[0.200]
while k=[7] buffer=[0.000]
while k=[8] buffer=[0.200]
while buffer=[000009]
while k=[0] buffer=[03月11日12:57:05]
while k=[1] buffer=[2分48秒]
while k=[2] buffer=[主叫]
while k=[3] buffer=[13843564845]
while k=[4] buffer=[通化]
while k=[5] buffer=[本地通话]
while k=[6] buffer=[0.600]
while k=[7] buffer=[0.000]
while k=[8] buffer=[0.600]
while buffer=[000009]
while k=[0] buffer=[03月11日13:49:00]
while k=[1] buffer=[40秒]
while k=[2] buffer=[主叫]
while k=[3] buffer=[15834541379]
while k=[4] buffer=[通化]
while k=[5] buffer=[本地通话]
while k=[6] buffer=[0.200]
while k=[7] buffer=[0.000]
while k=[8] buffer=[0.200]
while buffer=[000009]
while k=[0] buffer=[03月11日14:13:29]
while k=[1] buffer=[17秒]
while k=[2] buffer=[主叫]
while k=[3] buffer=[15834541379]
while k=[4] buffer=[通化]
while k=[5] buffer=[本地通话]
while k=[6] buffer=[0.200]
while k=[7] buffer=[0.000]
while k=[8] buffer=[0.200]
while buffer=[000009]
while k=[0] buffer=[03月11日14:18:16]
while k=[1] buffer=[1分30秒]
while k=[2] buffer=[主叫]
while k=[3] buffer=[15834541379]
while k=[4] buffer=[通化]
while k=[5] buffer=[本地通话]
while k=[6] buffer=[0.400]
while k=[7] buffer=[0.000]
while k=[8] buffer=[0.400]
while buffer=[000009]
while k=[0] buffer=[03月11日14:31:30]
while k=[1] buffer=[31秒]
while k=[2] buffer=[主叫]
while k=[3] buffer=[15944537555]
while k=[4] buffer=[通化]
while k=[5] buffer=[本地通话]
while k=[6] buffer=[0.200]
while k=[7] buffer=[0.000]
while k=[8] buffer=[0.200]
while buffer=[000009]
while k=[0] buffer=[03月12日07:36:43]
while k=[1] buffer=[15秒]
while k=[2] buffer=[主叫]
while k=[3] buffer=[13604352797]
while k=[4] buffer=[通化]
while k=[5] buffer=[本地通话]
while k=[6] buffer=[0.200]
while k=[7] buffer=[0.000]
while k=[8] buffer=[0.200]
while buffer=[000009]
while k=[0] buffer=[03月12日07:51:16]
while k=[1] buffer=[8秒]
while k=[2] buffer=[主叫]
while k=[3] buffer=[13604352797]
while k=[4] buffer=[通化]
while k=[5] buffer=[本地通话]
while k=[6] buffer=[0.200]
while k=[7] buffer=[0.000]
while k=[8] buffer=[0.200]
while buffer=[000009]
while k=[0] buffer=[03月12日10:15:04]
while k=[1] buffer=[22秒]
while k=[2] buffer=[主叫]
while k=[3] buffer=[10086]
while k=[4] buffer=[通化]
while k=[5] buffer=[本地通话]
while k=[6] buffer=[0.000]
while k=[7] buffer=[0.000]
while k=[8] buffer=[0.000]
while buffer=[000009]
while k=[0] buffer=[03月12日10:16:33]
while k=[1] buffer=[4分48秒]
while k=[2] buffer=[主叫]
while k=[3] buffer=[13943418991]
while k=[4] buffer=[通化]
while k=[5] buffer=[本地通话]
while k=[6] buffer=[1.000]
while k=[7] buffer=[0.000]
while k=[8] buffer=[1.000]
while buffer=[000009]
while k=[0] buffer=[03月12日14:24:54]
while k=[1] buffer=[39秒]
while k=[2] buffer=[被叫]
while k=[3] buffer=[13278159036]
while k=[4] buffer=[通化]
while k=[5] buffer=[本地通话]
while k=[6] buffer=[0.000]
while k=[7] buffer=[0.000]
while k=[8] buffer=[0.000]
while buffer=[000009]
while k=[0] buffer=[03月13日08:51:06]
while k=[1] buffer=[43秒]
while k=[2] buffer=[主叫]
while k=[3] buffer=[13894522322]
while k=[4] buffer=[通化]
while k=[5] buffer=[本地通话]
while k=[6] buffer=[0.200]
while k=[7] buffer=[0.000]
while k=[8] buffer=[0.200]
while buffer=[000009]
while k=[0] buffer=[03月13日08:52:37]
while k=[1] buffer=[1分20秒]
while k=[2] buffer=[被叫]
while k=[3] buffer=[04358221880]
while k=[4] buffer=[通化]
while k=[5] buffer=[本地通话]
while k=[6] buffer=[0.000]
while k=[7] buffer=[0.000]
while k=[8] buffer=[0.000]
while buffer=[000009]
while k=[0] buffer=[03月13日09:00:41]
while k=[1] buffer=[25秒]
while k=[2] buffer=[主叫]
while k=[3] buffer=[13844520720]
while k=[4] buffer=[通化]
while k=[5] buffer=[本地通话]
while k=[6] buffer=[0.200]
while k=[7] buffer=[0.000]
while k=[8] buffer=[0.200]
while buffer=[000009]
while k=[0] buffer=[03月13日09:02:08]
while k=[1] buffer=[14秒]
while k=[2] buffer=[主叫]
while k=[3] buffer=[13994522322]
while k=[4] buffer=[通化]
while k=[5] buffer=[省际长话]
while k=[6] buffer=[0.200]
while k=[7] buffer=[0.210]
while k=[8] buffer=[0.410]
while buffer=[000009]
while k=[0] buffer=[03月13日09:17:24]
while k=[1] buffer=[3分43秒]
while k=[2] buffer=[主叫]
while k=[3] buffer=[13943418991]
while k=[4] buffer=[通化]
while k=[5] buffer=[本地通话]
while k=[6] buffer=[0.800]
while k=[7] buffer=[0.000]
while k=[8] buffer=[0.800]
while buffer=[000009]
while k=[0] buffer=[03月13日09:24:43]
while k=[1] buffer=[1分25秒]
while k=[2] buffer=[被叫]
while k=[3] buffer=[15834541379]
while k=[4] buffer=[通化]
while k=[5] buffer=[本地通话]
while k=[6] buffer=[0.000]
while k=[7] buffer=[0.000]
while k=[8] buffer=[0.000]
while buffer=[000009]
while k=[0] buffer=[03月13日10:08:27]
while k=[1] buffer=[57秒]
while k=[2] buffer=[被叫]
while k=[3] buffer=[04352895888]
while k=[4] buffer=[通化]
while k=[5] buffer=[本地通话]
while k=[6] buffer=[0.000]
while k=[7] buffer=[0.000]
while k=[8] buffer=[0.000]
while buffer=[000009]
while k=[0] buffer=[03月13日10:23:04]
while k=[1] buffer=[40秒]
while k=[2] buffer=[被叫]
while k=[3] buffer=[15944537631]
while k=[4] buffer=[通化]
while k=[5] buffer=[本地通话]
while k=[6] buffer=[0.000]
while k=[7] buffer=[0.000]
while k=[8] buffer=[0.000]
while buffer=[000009]
while k=[0] buffer=[03月13日10:57:28]
while k=[1] buffer=[22秒]
while k=[2] buffer=[被叫]
while k=[3] buffer=[13944572019]
while k=[4] buffer=[通化]
while k=[5] buffer=[本地通话]
while k=[6] buffer=[0.000]
while k=[7] buffer=[0.000]
while k=[8] buffer=[0.000]
while buffer=[000009]
while k=[0] buffer=[03月13日11:01:52]
while k=[1] buffer=[16秒]
while k=[2] buffer=[主叫]
while k=[3] buffer=[8222638]
while k=[4] buffer=[通化]
while k=[5] buffer=[本地通话]
while k=[6] buffer=[0.200]
while k=[7] buffer=[0.000]
while k=[8] buffer=[0.200]
while buffer=[000009]
while k=[0] buffer=[03月13日11:34:50]
while k=[1] buffer=[22秒]
while k=[2] buffer=[被叫]
while k=[3] buffer=[13943418991]
while k=[4] buffer=[通化]
while k=[5] buffer=[本地通话]
while k=[6] buffer=[0.000]
while k=[7] buffer=[0.000]
while k=[8] buffer=[0.000]
while buffer=[000009]
while k=[0] buffer=[03月13日12:04:39]
while k=[1] buffer=[49秒]
while k=[2] buffer=[主叫]
while k=[3] buffer=[15834541379]
while k=[4] buffer=[通化]
while k=[5] buffer=[本地通话]
while k=[6] buffer=[0.200]
while k=[7] buffer=[0.000]
while k=[8] buffer=[0.200]
while buffer=[000009]
while k=[0] buffer=[03月13日12:28:31]
while k=[1] buffer=[23秒]
while k=[2] buffer=[被叫]
while k=[3] buffer=[15834541379]
while k=[4] buffer=[通化]
while k=[5] buffer=[本地通话]
while k=[6] buffer=[0.000]
while k=[7] buffer=[0.000]
while k=[8] buffer=[0.000]
while counter=[5]
while counter=[5] ret_lines=[48]
while buffer=[000009]
while k=[0] buffer=[03月13日15:16:43]
while k=[1] buffer=[1分59秒]
while k=[2] buffer=[主叫]
while k=[3] buffer=[15834541379]
while k=[4] buffer=[通化]
while k=[5] buffer=[本地通话]
while k=[6] buffer=[0.400]
while k=[7] buffer=[0.000]
while k=[8] buffer=[0.400]
while buffer=[000009]
while k=[0] buffer=[03月13日16:11:02]
while k=[1] buffer=[9秒]
while k=[2] buffer=[被叫]
while k=[3] buffer=[13943418991]
while k=[4] buffer=[通化]
while k=[5] buffer=[本地通话]
while k=[6] buffer=[0.000]
while k=[7] buffer=[0.000]
while k=[8] buffer=[0.000]
while buffer=[000009]
while k=[0] buffer=[03月13日18:57:46]
while k=[1] buffer=[2分30秒]
while k=[2] buffer=[被叫]
while k=[3] buffer=[13943418991]
while k=[4] buffer=[通化]
while k=[5] buffer=[本地通话]
while k=[6] buffer=[0.000]
while k=[7] buffer=[0.000]
while k=[8] buffer=[0.000]
while buffer=[000009]
while k=[0] buffer=[03月13日19:01:58]
while k=[1] buffer=[1分56秒]
while k=[2] buffer=[主叫]
while k=[3] buffer=[15944537631]
while k=[4] buffer=[通化]
while k=[5] buffer=[本地通话]
while k=[6] buffer=[0.400]
while k=[7] buffer=[0.000]
while k=[8] buffer=[0.400]
while buffer=[000009]
while k=[0] buffer=[03月14日05:50:15]
while k=[1] buffer=[37秒]
while k=[2] buffer=[被叫]
while k=[3] buffer=[04352895888]
while k=[4] buffer=[通化]
while k=[5] buffer=[本地通话]
while k=[6] buffer=[0.000]
while k=[7] buffer=[0.000]
while k=[8] buffer=[0.000]
while buffer=[000009]
while k=[0] buffer=[03月14日07:11:49]
while k=[1] buffer=[5秒]
while k=[2] buffer=[被叫]
while k=[3] buffer=[13944572019]
while k=[4] buffer=[通化]
while k=[5] buffer=[本地通话]
while k=[6] buffer=[0.000]
while k=[7] buffer=[0.000]
while k=[8] buffer=[0.000]
while buffer=[000009]
while k=[0] buffer=[03月14日07:38:35]
while k=[1] buffer=[1分33秒]
while k=[2] buffer=[被叫]
while k=[3] buffer=[13943418991]
while k=[4] buffer=[通化]
while k=[5] buffer=[本地通话]
while k=[6] buffer=[0.000]
while k=[7] buffer=[0.000]
while k=[8] buffer=[0.000]
while buffer=[000009]
while k=[0] buffer=[03月14日08:48:02]
while k=[1] buffer=[4分17秒]
while k=[2] buffer=[主叫]
while k=[3] buffer=[15834541379]
while k=[4] buffer=[通化]
while k=[5] buffer=[本地通话]
while k=[6] buffer=[1.000]
while k=[7] buffer=[0.000]
while k=[8] buffer=[1.000]
while buffer=[000009]
while k=[0] buffer=[03月14日10:17:36]
while k=[1] buffer=[38秒]
while k=[2] buffer=[主叫]
while k=[3] buffer=[8812556]
while k=[4] buffer=[通化]
while k=[5] buffer=[本地通话]
while k=[6] buffer=[0.200]
while k=[7] buffer=[0.000]
while k=[8] buffer=[0.200]
while buffer=[000009]
while k=[0] buffer=[03月14日10:23:52]
while k=[1] buffer=[11秒]
while k=[2] buffer=[被叫]
while k=[3] buffer=[04358812556]
while k=[4] buffer=[通化]
while k=[5] buffer=[本地通话]
while k=[6] buffer=[0.000]
while k=[7] buffer=[0.000]
while k=[8] buffer=[0.000]
while buffer=[000009]
while k=[0] buffer=[03月14日10:25:17]
while k=[1] buffer=[1分35秒]
while k=[2] buffer=[主叫]
while k=[3] buffer=[13894578333]
while k=[4] buffer=[通化]
while k=[5] buffer=[本地通话]
while k=[6] buffer=[0.400]
while k=[7] buffer=[0.000]
while k=[8] buffer=[0.400]
while buffer=[000009]
while k=[0] buffer=[03月14日12:17:39]
while k=[1] buffer=[13秒]
while k=[2] buffer=[主叫]
while k=[3] buffer=[13944572019]
while k=[4] buffer=[通化]
while k=[5] buffer=[本地通话]
while k=[6] buffer=[0.200]
while k=[7] buffer=[0.000]
while k=[8] buffer=[0.200]
while buffer=[000009]
while k=[0] buffer=[03月14日14:15:53]
while k=[1] buffer=[18秒]
while k=[2] buffer=[被叫]
while k=[3] buffer=[04352895888]
while k=[4] buffer=[通化]
while k=[5] buffer=[本地通话]
while k=[6] buffer=[0.000]
while k=[7] buffer=[0.000]
while k=[8] buffer=[0.000]
while buffer=[000009]
while k=[0] buffer=[03月14日15:18:09]
while k=[1] buffer=[31秒]
while k=[2] buffer=[主叫]
while k=[3] buffer=[13944572019]
while k=[4] buffer=[通化]
while k=[5] buffer=[本地通话]
while k=[6] buffer=[0.200]
while k=[7] buffer=[0.000]
while k=[8] buffer=[0.200]
while buffer=[000009]
while k=[0] buffer=[03月14日15:19:56]
while k=[1] buffer=[2分33秒]
while k=[2] buffer=[主叫]
while k=[3] buffer=[15834541379]
while k=[4] buffer=[通化]
while k=[5] buffer=[本地通话]
while k=[6] buffer=[0.600]
while k=[7] buffer=[0.000]
while k=[8] buffer=[0.600]
while buffer=[000009]
while k=[0] buffer=[03月14日15:37:28]
while k=[1] buffer=[28秒]
while k=[2] buffer=[被叫]
while k=[3] buffer=[13944572019]
while k=[4] buffer=[通化]
while k=[5] buffer=[本地通话]
while k=[6] buffer=[0.000]
while k=[7] buffer=[0.000]
while k=[8] buffer=[0.000]
while buffer=[000009]
while k=[0] buffer=[03月14日15:40:42]
while k=[1] buffer=[29秒]
while k=[2] buffer=[主叫]
while k=[3] buffer=[13943563356]
while k=[4] buffer=[通化]
while k=[5] buffer=[本地通话]
while k=[6] buffer=[0.200]
while k=[7] buffer=[0.000]
while k=[8] buffer=[0.200]
while buffer=[000009]
while k=[0] buffer=[03月14日21:29:28]
while k=[1] buffer=[38秒]
while k=[2] buffer=[主叫]
while k=[3] buffer=[13943563356]
while k=[4] buffer=[通化]
while k=[5] buffer=[本地通话]
while k=[6] buffer=[0.200]
while k=[7] buffer=[0.000]
while k=[8] buffer=[0.200]
while buffer=[000009]
while k=[0] buffer=[03月15日06:36:41]
while k=[1] buffer=[1分13秒]
while k=[2] buffer=[被叫]
while k=[3] buffer=[13180659832]
while k=[4] buffer=[通化]
while k=[5] buffer=[本地通话]
while k=[6] buffer=[0.000]
while k=[7] buffer=[0.000]
while k=[8] buffer=[0.000]
while buffer=[000009]
while k=[0] buffer=[03月15日07:00:42]
while k=[1] buffer=[1分16秒]
while k=[2] buffer=[主叫]
while k=[3] buffer=[15944537631]
while k=[4] buffer=[通化]
while k=[5] buffer=[本地通话]
while k=[6] buffer=[0.400]
while k=[7] buffer=[0.000]
while k=[8] buffer=[0.400]
while buffer=[000009]
while k=[0] buffer=[03月15日07:16:57]
while k=[1] buffer=[37秒]
while k=[2] buffer=[被叫]
while k=[3] buffer=[04352888044]
while k=[4] buffer=[通化]
while k=[5] buffer=[本地通话]
while k=[6] buffer=[0.000]
while k=[7] buffer=[0.000]
while k=[8] buffer=[0.000]
while buffer=[000009]
while k=[0] buffer=[03月15日07:18:16]
while k=[1] buffer=[29秒]
while k=[2] buffer=[主叫]
while k=[3] buffer=[15944537631]
while k=[4] buffer=[通化]
while k=[5] buffer=[本地通话]
while k=[6] buffer=[0.200]
while k=[7] buffer=[0.000]
while k=[8] buffer=[0.200]
while buffer=[000009]
while k=[0] buffer=[03月15日07:44:29]
while k=[1] buffer=[28秒]
while k=[2] buffer=[被叫]
while k=[3] buffer=[15944537631]
while k=[4] buffer=[通化]
while k=[5] buffer=[本地通话]
while k=[6] buffer=[0.000]
while k=[7] buffer=[0.000]
while k=[8] buffer=[0.000]
while buffer=[000009]
while k=[0] buffer=[03月15日07:56:42]
while k=[1] buffer=[27秒]
while k=[2] buffer=[主叫]
while k=[3] buffer=[15944537631]
while k=[4] buffer=[通化]
while k=[5] buffer=[本地通话]
while k=[6] buffer=[0.200]
while k=[7] buffer=[0.000]
while k=[8] buffer=[0.200]
while buffer=[000009]
while k=[0] buffer=[03月15日08:07:07]
while k=[1] buffer=[45秒]
while k=[2] buffer=[主叫]
while k=[3] buffer=[15944537631]
while k=[4] buffer=[通化]
while k=[5] buffer=[本地通话]
while k=[6] buffer=[0.200]
while k=[7] buffer=[0.000]
while k=[8] buffer=[0.200]
while buffer=[000009]
while k=[0] buffer=[03月15日08:22:16]
while k=[1] buffer=[25秒]
while k=[2] buffer=[主叫]
while k=[3] buffer=[15944537631]
while k=[4] buffer=[通化]
while k=[5] buffer=[本地通话]
while k=[6] buffer=[0.200]
while k=[7] buffer=[0.000]
while k=[8] buffer=[0.200]
while buffer=[000009]
while k=[0] buffer=[03月15日08:54:12]
while k=[1] buffer=[34秒]
while k=[2] buffer=[被叫]
while k=[3] buffer=[13159727759]
while k=[4] buffer=[通化]
while k=[5] buffer=[本地通话]
while k=[6] buffer=[0.000]
while k=[7] buffer=[0.000]
while k=[8] buffer=[0.000]
while buffer=[000009]
while k=[0] buffer=[03月15日09:03:15]
while k=[1] buffer=[9秒]
while k=[2] buffer=[主叫]
while k=[3] buffer=[15944537631]
while k=[4] buffer=[通化]
while k=[5] buffer=[本地通话]
while k=[6] buffer=[0.200]
while k=[7] buffer=[0.000]
while k=[8] buffer=[0.200]
while buffer=[000009]
while k=[0] buffer=[03月15日12:35:47]
while k=[1] buffer=[42秒]
while k=[2] buffer=[被叫]
while k=[3] buffer=[13844579462]
while k=[4] buffer=[通化]
while k=[5] buffer=[本地通话]
while k=[6] buffer=[0.000]
while k=[7] buffer=[0.000]
while k=[8] buffer=[0.000]
while buffer=[000009]
while k=[0] buffer=[03月15日13:12:16]
while k=[1] buffer=[22秒]
while k=[2] buffer=[主叫]
while k=[3] buffer=[13943563356]
while k=[4] buffer=[通化]
while k=[5] buffer=[本地通话]
while k=[6] buffer=[0.200]
while k=[7] buffer=[0.000]
while k=[8] buffer=[0.200]
while buffer=[000009]
while k=[0] buffer=[03月15日13:33:03]
while k=[1] buffer=[24秒]
while k=[2] buffer=[被叫]
while k=[3] buffer=[13694412908]
while k=[4] buffer=[通化]
while k=[5] buffer=[本地通话]
while k=[6] buffer=[0.000]
while k=[7] buffer=[0.000]
while k=[8] buffer=[0.000]
while buffer=[000009]
while k=[0] buffer=[03月15日13:36:08]
while k=[1] buffer=[39秒]
while k=[2] buffer=[被叫]
while k=[3] buffer=[13694412908]
while k=[4] buffer=[通化]
while k=[5] buffer=[本地通话]
while k=[6] buffer=[0.000]
while k=[7] buffer=[0.000]
while k=[8] buffer=[0.000]
while buffer=[000009]
while k=[0] buffer=[03月15日14:53:58]
while k=[1] buffer=[1分26秒]
while k=[2] buffer=[主叫]
while k=[3] buffer=[15844562732]
while k=[4] buffer=[通化]
while k=[5] buffer=[本地通话]
while k=[6] buffer=[0.400]
while k=[7] buffer=[0.000]
while k=[8] buffer=[0.400]
while buffer=[000009]
while k=[0] buffer=[03月15日15:21:15]
while k=[1] buffer=[11秒]
while k=[2] buffer=[被叫]
while k=[3] buffer=[13944572019]
while k=[4] buffer=[通化]
while k=[5] buffer=[本地通话]
while k=[6] buffer=[0.000]
while k=[7] buffer=[0.000]
while k=[8] buffer=[0.000]
while buffer=[000009]
while k=[0] buffer=[03月15日15:44:58]
while k=[1] buffer=[15秒]
while k=[2] buffer=[被叫]
while k=[3] buffer=[13944572019]
while k=[4] buffer=[通化]
while k=[5] buffer=[本地通话]
while k=[6] buffer=[0.000]
while k=[7] buffer=[0.000]
while k=[8] buffer=[0.000]
while buffer=[000009]
while k=[0] buffer=[03月15日15:45:43]
while k=[1] buffer=[38秒]
while k=[2] buffer=[被叫]
while k=[3] buffer=[13180659832]
while k=[4] buffer=[通化]
while k=[5] buffer=[本地通话]
while k=[6] buffer=[0.000]
while k=[7] buffer=[0.000]
while k=[8] buffer=[0.000]
while buffer=[000009]
while k=[0] buffer=[03月15日15:47:12]
while k=[1] buffer=[17秒]
while k=[2] buffer=[主叫]
while k=[3] buffer=[15944537631]
while k=[4] buffer=[通化]
while k=[5] buffer=[本地通话]
while k=[6] buffer=[0.200]
while k=[7] buffer=[0.000]
while k=[8] buffer=[0.200]
while buffer=[000009]
while k=[0] buffer=[03月15日15:51:48]
while k=[1] buffer=[41秒]
while k=[2] buffer=[主叫]
while k=[3] buffer=[13180659832]
while k=[4] buffer=[通化]
while k=[5] buffer=[本地通话]
while k=[6] buffer=[0.200]
while k=[7] buffer=[0.000]
while k=[8] buffer=[0.200]
while buffer=[000009]
while k=[0] buffer=[03月15日15:55:54]
while k=[1] buffer=[10秒]
while k=[2] buffer=[被叫]
while k=[3] buffer=[13180659832]
while k=[4] buffer=[通化]
while k=[5] buffer=[本地通话]
while k=[6] buffer=[0.000]
while k=[7] buffer=[0.000]
while k=[8] buffer=[0.000]
while buffer=[000009]
while k=[0] buffer=[03月15日15:57:01]
while k=[1] buffer=[35秒]
while k=[2] buffer=[主叫]
while k=[3] buffer=[13943563356]
while k=[4] buffer=[通化]
while k=[5] buffer=[本地通话]
while k=[6] buffer=[0.200]
while k=[7] buffer=[0.000]
while k=[8] buffer=[0.200]
while buffer=[000009]
while k=[0] buffer=[03月15日16:14:41]
while k=[1] buffer=[31秒]
while k=[2] buffer=[被叫]
while k=[3] buffer=[13180659832]
while k=[4] buffer=[通化]
while k=[5] buffer=[本地通话]
while k=[6] buffer=[0.000]
while k=[7] buffer=[0.000]
while k=[8] buffer=[0.000]
while buffer=[000009]
while k=[0] buffer=[03月15日16:17:09]
while k=[1] buffer=[50秒]
while k=[2] buffer=[被叫]
while k=[3] buffer=[13943563356]
while k=[4] buffer=[通化]
while k=[5] buffer=[本地通话]
while k=[6] buffer=[0.000]
while k=[7] buffer=[0.000]
while k=[8] buffer=[0.000]
while buffer=[000009]
while k=[0] buffer=[03月15日17:01:18]
while k=[1] buffer=[15秒]
while k=[2] buffer=[被叫]
while k=[3] buffer=[13943563356]
while k=[4] buffer=[通化]
while k=[5] buffer=[本地通话]
while k=[6] buffer=[0.000]
while k=[7] buffer=[0.000]
while k=[8] buffer=[0.000]
while buffer=[000009]
while k=[0] buffer=[03月15日17:43:51]
while k=[1] buffer=[38秒]
while k=[2] buffer=[主叫]
while k=[3] buffer=[15844562732]
while k=[4] buffer=[通化]
while k=[5] buffer=[本地通话]
while k=[6] buffer=[0.200]
while k=[7] buffer=[0.000]
while k=[8] buffer=[0.200]
while buffer=[000009]
while k=[0] buffer=[03月15日17:52:23]
while k=[1] buffer=[1分44秒]
while k=[2] buffer=[被叫]
while k=[3] buffer=[13180659832]
while k=[4] buffer=[通化]
while k=[5] buffer=[本地通话]
while k=[6] buffer=[0.000]
while k=[7] buffer=[0.000]
while k=[8] buffer=[0.000]
while buffer=[000009]
while k=[0] buffer=[03月16日05:37:55]
while k=[1] buffer=[45秒]
while k=[2] buffer=[被叫]
while k=[3] buffer=[15944537631]
while k=[4] buffer=[通化]
while k=[5] buffer=[本地通话]
while k=[6] buffer=[0.000]
while k=[7] buffer=[0.000]
while k=[8] buffer=[0.000]
while buffer=[000009]
while k=[0] buffer=[03月16日06:49:20]
while k=[1] buffer=[17秒]
while k=[2] buffer=[主叫]
while k=[3] buffer=[13944571853]
while k=[4] buffer=[通化]
while k=[5] buffer=[本地通话]
while k=[6] buffer=[0.200]
while k=[7] buffer=[0.000]
while k=[8] buffer=[0.200]
while buffer=[000009]
while k=[0] buffer=[03月16日08:16:21]
while k=[1] buffer=[32秒]
while k=[2] buffer=[主叫]
while k=[3] buffer=[13944572019]
while k=[4] buffer=[通化]
while k=[5] buffer=[本地通话]
while k=[6] buffer=[0.200]
while k=[7] buffer=[0.000]
while k=[8] buffer=[0.200]
while counter=[6]
while counter=[6] ret_lines=[48]
while buffer=[000009]
while k=[0] buffer=[03月16日08:29:38]
while k=[1] buffer=[1分36秒]
while k=[2] buffer=[被叫]
while k=[3] buffer=[15834541379]
while k=[4] buffer=[通化]
while k=[5] buffer=[本地通话]
while k=[6] buffer=[0.000]
while k=[7] buffer=[0.000]
while k=[8] buffer=[0.000]
while buffer=[000009]
while k=[0] buffer=[03月16日08:46:54]
while k=[1] buffer=[24秒]
while k=[2] buffer=[被叫]
while k=[3] buffer=[15944537631]
while k=[4] buffer=[通化]
while k=[5] buffer=[本地通话]
while k=[6] buffer=[0.000]
while k=[7] buffer=[0.000]
while k=[8] buffer=[0.000]
while buffer=[000009]
while k=[0] buffer=[03月16日08:47:44]
while k=[1] buffer=[22秒]
while k=[2] buffer=[被叫]
while k=[3] buffer=[13943563356]
while k=[4] buffer=[通化]
while k=[5] buffer=[本地通话]
while k=[6] buffer=[0.000]
while k=[7] buffer=[0.000]
while k=[8] buffer=[0.000]
while buffer=[000009]
while k=[0] buffer=[03月16日08:58:53]
while k=[1] buffer=[18秒]
while k=[2] buffer=[被叫]
while k=[3] buffer=[15944537631]
while k=[4] buffer=[通化]
while k=[5] buffer=[本地通话]
while k=[6] buffer=[0.000]
while k=[7] buffer=[0.000]
while k=[8] buffer=[0.000]
while buffer=[000009]
while k=[0] buffer=[03月16日10:00:52]
while k=[1] buffer=[2分39秒]
while k=[2] buffer=[被叫]
while k=[3] buffer=[04356946058]
while k=[4] buffer=[通化]
while k=[5] buffer=[本地通话]
while k=[6] buffer=[0.000]
while k=[7] buffer=[0.000]
while k=[8] buffer=[0.000]
while buffer=[000009]
while k=[0] buffer=[03月16日11:09:25]
while k=[1] buffer=[39秒]
while k=[2] buffer=[主叫]
while k=[3] buffer=[13944572019]
while k=[4] buffer=[通化]
while k=[5] buffer=[本地通话]
while k=[6] buffer=[0.200]
while k=[7] buffer=[0.000]
while k=[8] buffer=[0.200]
while buffer=[000009]
while k=[0] buffer=[03月16日15:00:23]
while k=[1] buffer=[2秒]
while k=[2] buffer=[被叫]
while k=[3] buffer=[15981633524]
while k=[4] buffer=[通化]
while k=[5] buffer=[本地通话]
while k=[6] buffer=[0.000]
while k=[7] buffer=[0.000]
while k=[8] buffer=[0.000]
while buffer=[000009]
while k=[0] buffer=[03月16日15:01:39]
while k=[1] buffer=[2分18秒]
while k=[2] buffer=[被叫]
while k=[3] buffer=[15981633524]
while k=[4] buffer=[通化]
while k=[5] buffer=[本地通话]
while k=[6] buffer=[0.000]
while k=[7] buffer=[0.000]
while k=[8] buffer=[0.000]
while buffer=[000009]
while k=[0] buffer=[03月16日16:05:04]
while k=[1] buffer=[29秒]
while k=[2] buffer=[主叫]
while k=[3] buffer=[13944572019]
while k=[4] buffer=[通化]
while k=[5] buffer=[本地通话]
while k=[6] buffer=[0.200]
while k=[7] buffer=[0.000]
while k=[8] buffer=[0.200]
while buffer=[000009]
while k=[0] buffer=[03月16日16:07:59]
while k=[1] buffer=[38秒]
while k=[2] buffer=[主叫]
while k=[3] buffer=[13944572019]
while k=[4] buffer=[通化]
while k=[5] buffer=[本地通话]
while k=[6] buffer=[0.200]
while k=[7] buffer=[0.000]
while k=[8] buffer=[0.200]
while buffer=[000009]
while k=[0] buffer=[03月16日16:13:13]
while k=[1] buffer=[1分41秒]
while k=[2] buffer=[被叫]
while k=[3] buffer=[13664459590]
while k=[4] buffer=[通化]
while k=[5] buffer=[本地通话]
while k=[6] buffer=[0.000]
while k=[7] buffer=[0.000]
while k=[8] buffer=[0.000]
while buffer=[000009]
while k=[0] buffer=[03月16日17:02:11]
while k=[1] buffer=[1分12秒]
while k=[2] buffer=[主叫]
while k=[3] buffer=[13943418991]
while k=[4] buffer=[通化]
while k=[5] buffer=[本地通话]
while k=[6] buffer=[0.400]
while k=[7] buffer=[0.000]
while k=[8] buffer=[0.400]
while buffer=[000009]
while k=[0] buffer=[03月16日17:04:00]
while k=[1] buffer=[4分10秒]
while k=[2] buffer=[主叫]
while k=[3] buffer=[15834541379]
while k=[4] buffer=[通化]
while k=[5] buffer=[本地通话]
while k=[6] buffer=[1.000]
while k=[7] buffer=[0.000]
while k=[8] buffer=[1.000]
while buffer=[000009]
while k=[0] buffer=[03月16日17:08:42]
while k=[1] buffer=[15秒]
while k=[2] buffer=[被叫]
while k=[3] buffer=[13664459590]
while k=[4] buffer=[通化]
while k=[5] buffer=[本地通话]
while k=[6] buffer=[0.000]
while k=[7] buffer=[0.000]
while k=[8] buffer=[0.000]
while buffer=[000009]
while k=[0] buffer=[03月16日17:44:35]
while k=[1] buffer=[7秒]
while k=[2] buffer=[被叫]
while k=[3] buffer=[15834541379]
while k=[4] buffer=[通化]
while k=[5] buffer=[本地通话]
while k=[6] buffer=[0.000]
while k=[7] buffer=[0.000]
while k=[8] buffer=[0.000]
while buffer=[000009]
while k=[0] buffer=[03月16日17:48:39]
while k=[1] buffer=[11分48秒]
while k=[2] buffer=[主叫]
while k=[3] buffer=[15834541379]
while k=[4] buffer=[通化]
while k=[5] buffer=[本地通话]
while k=[6] buffer=[2.400]
while k=[7] buffer=[0.000]
while k=[8] buffer=[2.400]
while buffer=[000009]
while k=[0] buffer=[03月16日18:01:36]
while k=[1] buffer=[1分47秒]
while k=[2] buffer=[被叫]
while k=[3] buffer=[13664459515]
while k=[4] buffer=[通化]
while k=[5] buffer=[本地通话]
while k=[6] buffer=[0.000]
while k=[7] buffer=[0.000]
while k=[8] buffer=[0.000]
while buffer=[000009]
while k=[0] buffer=[03月16日19:06:15]
while k=[1] buffer=[57秒]
while k=[2] buffer=[主叫]
while k=[3] buffer=[13664459590]
while k=[4] buffer=[通化]
while k=[5] buffer=[本地通话]
while k=[6] buffer=[0.200]
while k=[7] buffer=[0.000]
while k=[8] buffer=[0.200]
while buffer=[000009]
while k=[0] buffer=[03月16日19:10:08]
while k=[1] buffer=[26秒]
while k=[2] buffer=[被叫]
while k=[3] buffer=[15844568258]
while k=[4] buffer=[通化]
while k=[5] buffer=[本地通话]
while k=[6] buffer=[0.000]
while k=[7] buffer=[0.000]
while k=[8] buffer=[0.000]
while buffer=[000009]
while k=[0] buffer=[03月16日19:30:33]
while k=[1] buffer=[53秒]
while k=[2] buffer=[主叫]
while k=[3] buffer=[15844568258]
while k=[4] buffer=[通化]
while k=[5] buffer=[本地通话]
while k=[6] buffer=[0.200]
while k=[7] buffer=[0.000]
while k=[8] buffer=[0.200]
while buffer=[000009]
while k=[0] buffer=[03月16日19:34:34]
while k=[1] buffer=[20秒]
while k=[2] buffer=[被叫]
while k=[3] buffer=[13943418991]
while k=[4] buffer=[通化]
while k=[5] buffer=[本地通话]
while k=[6] buffer=[0.000]
while k=[7] buffer=[0.000]
while k=[8] buffer=[0.000]
while buffer=[000009]
while k=[0] buffer=[03月16日21:19:58]
while k=[1] buffer=[1分38秒]
while k=[2] buffer=[被叫]
while k=[3] buffer=[15944591646]
while k=[4] buffer=[通化]
while k=[5] buffer=[本地通话]
while k=[6] buffer=[0.000]
while k=[7] buffer=[0.000]
while k=[8] buffer=[0.000]
while buffer=[000009]
while k=[0] buffer=[03月17日06:22:43]
while k=[1] buffer=[29秒]
while k=[2] buffer=[主叫]
while k=[3] buffer=[15944537631]
while k=[4] buffer=[通化]
while k=[5] buffer=[本地通话]
while k=[6] buffer=[0.200]
while k=[7] buffer=[0.000]
while k=[8] buffer=[0.200]
while buffer=[000009]
while k=[0] buffer=[03月17日06:28:08]
while k=[1] buffer=[43秒]
while k=[2] buffer=[主叫]
while k=[3] buffer=[15944537631]
while k=[4] buffer=[通化]
while k=[5] buffer=[本地通话]
while k=[6] buffer=[0.200]
while k=[7] buffer=[0.000]
while k=[8] buffer=[0.200]
while buffer=[000009]
while k=[0] buffer=[03月17日07:36:34]
while k=[1] buffer=[24秒]
while k=[2] buffer=[主叫]
while k=[3] buffer=[13944572019]
while k=[4] buffer=[通化]
while k=[5] buffer=[本地通话]
while k=[6] buffer=[0.200]
while k=[7] buffer=[0.000]
while k=[8] buffer=[0.200]
while buffer=[000009]
while k=[0] buffer=[03月17日07:42:29]
while k=[1] buffer=[18秒]
while k=[2] buffer=[被叫]
while k=[3] buffer=[15944537631]
while k=[4] buffer=[通化]
while k=[5] buffer=[本地通话]
while k=[6] buffer=[0.000]
while k=[7] buffer=[0.000]
while k=[8] buffer=[0.000]
while buffer=[000009]
while k=[0] buffer=[03月17日07:56:31]
while k=[1] buffer=[11秒]
while k=[2] buffer=[主叫]
while k=[3] buffer=[15944537631]
while k=[4] buffer=[通化]
while k=[5] buffer=[本地通话]
while k=[6] buffer=[0.200]
while k=[7] buffer=[0.000]
while k=[8] buffer=[0.200]
while buffer=[000009]
while k=[0] buffer=[03月17日09:34:02]
while k=[1] buffer=[13秒]
while k=[2] buffer=[主叫]
while k=[3] buffer=[15944537631]
while k=[4] buffer=[通化]
while k=[5] buffer=[本地通话]
while k=[6] buffer=[0.200]
while k=[7] buffer=[0.000]
while k=[8] buffer=[0.200]
while buffer=[000009]
while k=[0] buffer=[03月17日09:34:46]
while k=[1] buffer=[2分38秒]
while k=[2] buffer=[主叫]
while k=[3] buffer=[8812469]
while k=[4] buffer=[通化]
while k=[5] buffer=[本地通话]
while k=[6] buffer=[0.600]
while k=[7] buffer=[0.000]
while k=[8] buffer=[0.600]
while buffer=[000009]
while k=[0] buffer=[03月17日10:01:46]
while k=[1] buffer=[23秒]
while k=[2] buffer=[主叫]
while k=[3] buffer=[15834541379]
while k=[4] buffer=[通化]
while k=[5] buffer=[本地通话]
while k=[6] buffer=[0.200]
while k=[7] buffer=[0.000]
while k=[8] buffer=[0.200]
while buffer=[000009]
while k=[0] buffer=[03月17日11:49:03]
while k=[1] buffer=[1分42秒]
while k=[2] buffer=[主叫]
while k=[3] buffer=[13944573319]
while k=[4] buffer=[通化]
while k=[5] buffer=[本地通话]
while k=[6] buffer=[0.400]
while k=[7] buffer=[0.000]
while k=[8] buffer=[0.400]
while buffer=[000009]
while k=[0] buffer=[03月17日12:33:38]
while k=[1] buffer=[42秒]
while k=[2] buffer=[被叫]
while k=[3] buffer=[15834541379]
while k=[4] buffer=[通化]
while k=[5] buffer=[本地通话]
while k=[6] buffer=[0.000]
while k=[7] buffer=[0.000]
while k=[8] buffer=[0.000]
while buffer=[000009]
while k=[0] buffer=[03月17日13:21:53]
while k=[1] buffer=[39秒]
while k=[2] buffer=[被叫]
while k=[3] buffer=[15844568258]
while k=[4] buffer=[通化]
while k=[5] buffer=[本地通话]
while k=[6] buffer=[0.000]
while k=[7] buffer=[0.000]
while k=[8] buffer=[0.000]
while buffer=[000009]
while k=[0] buffer=[03月17日13:43:15]
while k=[1] buffer=[31秒]
while k=[2] buffer=[被叫]
while k=[3] buffer=[15834541379]
while k=[4] buffer=[通化]
while k=[5] buffer=[本地通话]
while k=[6] buffer=[0.000]
while k=[7] buffer=[0.000]
while k=[8] buffer=[0.000]
while buffer=[000009]
while k=[0] buffer=[03月17日13:51:40]
while k=[1] buffer=[45秒]
while k=[2] buffer=[主叫]
while k=[3] buffer=[15834541379]
while k=[4] buffer=[通化]
while k=[5] buffer=[本地通话]
while k=[6] buffer=[0.200]
while k=[7] buffer=[0.000]
while k=[8] buffer=[0.200]
while buffer=[000009]
while k=[0] buffer=[03月17日13:54:56]
while k=[1] buffer=[25秒]
while k=[2] buffer=[被叫]
while k=[3] buffer=[15834541379]
while k=[4] buffer=[通化]
while k=[5] buffer=[本地通话]
while k=[6] buffer=[0.000]
while k=[7] buffer=[0.000]
while k=[8] buffer=[0.000]
while buffer=[000009]
while k=[0] buffer=[03月17日14:29:52]
while k=[1] buffer=[15秒]
while k=[2] buffer=[被叫]
while k=[3] buffer=[13944572019]
while k=[4] buffer=[通化]
while k=[5] buffer=[本地通话]
while k=[6] buffer=[0.000]
while k=[7] buffer=[0.000]
while k=[8] buffer=[0.000]
while buffer=[000009]
while k=[0] buffer=[03月17日15:18:42]
while k=[1] buffer=[11秒]
while k=[2] buffer=[被叫]
while k=[3] buffer=[13944572019]
while k=[4] buffer=[通化]
while k=[5] buffer=[本地通话]
while k=[6] buffer=[0.000]
while k=[7] buffer=[0.000]
while k=[8] buffer=[0.000]
while buffer=[000009]
while k=[0] buffer=[03月17日16:35:04]
while k=[1] buffer=[52秒]
while k=[2] buffer=[主叫]
while k=[3] buffer=[13943418991]
while k=[4] buffer=[通化]
while k=[5] buffer=[本地通话]
while k=[6] buffer=[0.200]
while k=[7] buffer=[0.000]
while k=[8] buffer=[0.200]
while buffer=[000009]
while k=[0] buffer=[03月17日18:13:37]
while k=[1] buffer=[28秒]
while k=[2] buffer=[主叫]
while k=[3] buffer=[10086]
while k=[4] buffer=[通化]
while k=[5] buffer=[本地通话]
while k=[6] buffer=[0.000]
while k=[7] buffer=[0.000]
while k=[8] buffer=[0.000]
while buffer=[000009]
while k=[0] buffer=[03月17日18:30:09]
while k=[1] buffer=[2分1秒]
while k=[2] buffer=[被叫]
while k=[3] buffer=[13894509115]
while k=[4] buffer=[通化]
while k=[5] buffer=[本地通话]
while k=[6] buffer=[0.000]
while k=[7] buffer=[0.000]
while k=[8] buffer=[0.000]
while buffer=[000009]
while k=[0] buffer=[03月18日09:23:31]
while k=[1] buffer=[47秒]
while k=[2] buffer=[主叫]
while k=[3] buffer=[8210757]
while k=[4] buffer=[通化]
while k=[5] buffer=[本地通话]
while k=[6] buffer=[0.200]
while k=[7] buffer=[0.000]
while k=[8] buffer=[0.200]
while buffer=[000009]
while k=[0] buffer=[03月18日09:37:54]
while k=[1] buffer=[1分16秒]
while k=[2] buffer=[主叫]
while k=[3] buffer=[13944522508]
while k=[4] buffer=[通化]
while k=[5] buffer=[本地通话]
while k=[6] buffer=[0.400]
while k=[7] buffer=[0.000]
while k=[8] buffer=[0.400]
while buffer=[000009]
while k=[0] buffer=[03月18日09:39:44]
while k=[1] buffer=[1分56秒]
while k=[2] buffer=[主叫]
while k=[3] buffer=[13943562232]
while k=[4] buffer=[通化]
while k=[5] buffer=[本地通话]
while k=[6] buffer=[0.400]
while k=[7] buffer=[0.000]
while k=[8] buffer=[0.400]
while buffer=[000009]
while k=[0] buffer=[03月18日09:52:45]
while k=[1] buffer=[29秒]
while k=[2] buffer=[主叫]
while k=[3] buffer=[13944572019]
while k=[4] buffer=[通化]
while k=[5] buffer=[本地通话]
while k=[6] buffer=[0.200]
while k=[7] buffer=[0.000]
while k=[8] buffer=[0.200]
while buffer=[000009]
while k=[0] buffer=[03月18日10:03:03]
while k=[1] buffer=[48秒]
while k=[2] buffer=[被叫]
while k=[3] buffer=[13944573319]
while k=[4] buffer=[通化]
while k=[5] buffer=[本地通话]
while k=[6] buffer=[0.000]
while k=[7] buffer=[0.000]
while k=[8] buffer=[0.000]
while buffer=[000009]
while k=[0] buffer=[03月18日10:12:53]
while k=[1] buffer=[29秒]
while k=[2] buffer=[被叫]
while k=[3] buffer=[13944572019]
while k=[4] buffer=[通化]
while k=[5] buffer=[本地通话]
while k=[6] buffer=[0.000]
while k=[7] buffer=[0.000]
while k=[8] buffer=[0.000]
while buffer=[000009]
while k=[0] buffer=[03月18日13:16:38]
while k=[1] buffer=[19秒]
while k=[2] buffer=[被叫]
while k=[3] buffer=[13944572019]
while k=[4] buffer=[通化]
while k=[5] buffer=[本地通话]
while k=[6] buffer=[0.000]
while k=[7] buffer=[0.000]
while k=[8] buffer=[0.000]
while counter=[7]
while counter=[7] ret_lines=[34]
while buffer=[000009]
while k=[0] buffer=[03月18日16:07:24]
while k=[1] buffer=[2分5秒]
while k=[2] buffer=[被叫]
while k=[3] buffer=[15944531261]
while k=[4] buffer=[通化]
while k=[5] buffer=[本地通话]
while k=[6] buffer=[0.000]
while k=[7] buffer=[0.000]
while k=[8] buffer=[0.000]
while buffer=[000009]
while k=[0] buffer=[03月18日16:21:14]
while k=[1] buffer=[1分3秒]
while k=[2] buffer=[主叫]
while k=[3] buffer=[13943418991]
while k=[4] buffer=[通化]
while k=[5] buffer=[本地通话]
while k=[6] buffer=[0.400]
while k=[7] buffer=[0.000]
while k=[8] buffer=[0.400]
while buffer=[000009]
while k=[0] buffer=[03月18日16:22:30]
while k=[1] buffer=[1分10秒]
while k=[2] buffer=[主叫]
while k=[3] buffer=[13943418991]
while k=[4] buffer=[通化]
while k=[5] buffer=[本地通话]
while k=[6] buffer=[0.400]
while k=[7] buffer=[0.000]
while k=[8] buffer=[0.400]
while buffer=[000009]
while k=[0] buffer=[03月18日17:54:37]
while k=[1] buffer=[5分23秒]
while k=[2] buffer=[被叫]
while k=[3] buffer=[13943418991]
while k=[4] buffer=[通化]
while k=[5] buffer=[本地通话]
while k=[6] buffer=[0.000]
while k=[7] buffer=[0.000]
while k=[8] buffer=[0.000]
while buffer=[000009]
while k=[0] buffer=[03月18日18:04:32]
while k=[1] buffer=[10分0秒]
while k=[2] buffer=[被叫]
while k=[3] buffer=[04358813308]
while k=[4] buffer=[通化]
while k=[5] buffer=[本地通话]
while k=[6] buffer=[0.000]
while k=[7] buffer=[0.000]
while k=[8] buffer=[0.000]
while buffer=[000009]
while k=[0] buffer=[03月18日18:28:20]
while k=[1] buffer=[1分3秒]
while k=[2] buffer=[主叫]
while k=[3] buffer=[15944531261]
while k=[4] buffer=[通化]
while k=[5] buffer=[本地通话]
while k=[6] buffer=[0.400]
while k=[7] buffer=[0.000]
while k=[8] buffer=[0.400]
while buffer=[000009]
while k=[0] buffer=[03月18日18:29:54]
while k=[1] buffer=[10分42秒]
while k=[2] buffer=[被叫]
while k=[3] buffer=[13180659832]
while k=[4] buffer=[通化]
while k=[5] buffer=[本地通话]
while k=[6] buffer=[0.000]
while k=[7] buffer=[0.000]
while k=[8] buffer=[0.000]
while buffer=[000009]
while k=[0] buffer=[03月18日18:40:57]
while k=[1] buffer=[1分47秒]
while k=[2] buffer=[被叫]
while k=[3] buffer=[15944531261]
while k=[4] buffer=[通化]
while k=[5] buffer=[本地通话]
while k=[6] buffer=[0.000]
while k=[7] buffer=[0.000]
while k=[8] buffer=[0.000]
while buffer=[000009]
while k=[0] buffer=[03月18日18:43:09]
while k=[1] buffer=[2分15秒]
while k=[2] buffer=[主叫]
while k=[3] buffer=[13180659832]
while k=[4] buffer=[通化]
while k=[5] buffer=[本地通话]
while k=[6] buffer=[0.600]
while k=[7] buffer=[0.000]
while k=[8] buffer=[0.600]
while buffer=[000009]
while k=[0] buffer=[03月18日18:45:40]
while k=[1] buffer=[49秒]
while k=[2] buffer=[主叫]
while k=[3] buffer=[13180659832]
while k=[4] buffer=[通化]
while k=[5] buffer=[本地通话]
while k=[6] buffer=[0.200]
while k=[7] buffer=[0.000]
while k=[8] buffer=[0.200]
while buffer=[000009]
while k=[0] buffer=[03月18日18:46:53]
while k=[1] buffer=[45秒]
while k=[2] buffer=[主叫]
while k=[3] buffer=[15944531261]
while k=[4] buffer=[通化]
while k=[5] buffer=[本地通话]
while k=[6] buffer=[0.200]
while k=[7] buffer=[0.000]
while k=[8] buffer=[0.200]
while buffer=[000009]
while k=[0] buffer=[03月18日18:48:43]
while k=[1] buffer=[1分42秒]
while k=[2] buffer=[主叫]
while k=[3] buffer=[13944571853]
while k=[4] buffer=[通化]
while k=[5] buffer=[本地通话]
while k=[6] buffer=[0.400]
while k=[7] buffer=[0.000]
while k=[8] buffer=[0.400]
while buffer=[000009]
while k=[0] buffer=[03月18日18:50:47]
while k=[1] buffer=[1分15秒]
while k=[2] buffer=[主叫]
while k=[3] buffer=[13180659832]
while k=[4] buffer=[通化]
while k=[5] buffer=[本地通话]
while k=[6] buffer=[0.400]
while k=[7] buffer=[0.000]
while k=[8] buffer=[0.400]
while buffer=[000009]
while k=[0] buffer=[03月18日19:00:35]
while k=[1] buffer=[26秒]
while k=[2] buffer=[被叫]
while k=[3] buffer=[15944531261]
while k=[4] buffer=[通化]
while k=[5] buffer=[本地通话]
while k=[6] buffer=[0.000]
while k=[7] buffer=[0.000]
while k=[8] buffer=[0.000]
while buffer=[000009]
while k=[0] buffer=[03月18日19:01:43]
while k=[1] buffer=[22秒]
while k=[2] buffer=[主叫]
while k=[3] buffer=[13180659832]
while k=[4] buffer=[通化]
while k=[5] buffer=[本地通话]
while k=[6] buffer=[0.200]
while k=[7] buffer=[0.000]
while k=[8] buffer=[0.200]
while buffer=[000009]
while k=[0] buffer=[03月19日08:18:36]
while k=[1] buffer=[19秒]
while k=[2] buffer=[主叫]
while k=[3] buffer=[15944537631]
while k=[4] buffer=[通化]
while k=[5] buffer=[本地通话]
while k=[6] buffer=[0.200]
while k=[7] buffer=[0.000]
while k=[8] buffer=[0.200]
while buffer=[000009]
while k=[0] buffer=[03月19日10:21:04]
while k=[1] buffer=[35秒]
while k=[2] buffer=[被叫]
while k=[3] buffer=[15834541379]
while k=[4] buffer=[通化]
while k=[5] buffer=[本地通话]
while k=[6] buffer=[0.000]
while k=[7] buffer=[0.000]
while k=[8] buffer=[0.000]
while buffer=[000009]
while k=[0] buffer=[03月19日10:58:24]
while k=[1] buffer=[1分13秒]
while k=[2] buffer=[被叫]
while k=[3] buffer=[15834541379]
while k=[4] buffer=[通化]
while k=[5] buffer=[本地通话]
while k=[6] buffer=[0.000]
while k=[7] buffer=[0.000]
while k=[8] buffer=[0.000]
while buffer=[000009]
while k=[0] buffer=[03月19日11:03:41]
while k=[1] buffer=[5秒]
while k=[2] buffer=[主叫]
while k=[3] buffer=[15834541379]
while k=[4] buffer=[通化]
while k=[5] buffer=[本地通话]
while k=[6] buffer=[0.200]
while k=[7] buffer=[0.000]
while k=[8] buffer=[0.200]
while buffer=[000009]
while k=[0] buffer=[03月19日11:04:48]
while k=[1] buffer=[20秒]
while k=[2] buffer=[被叫]
while k=[3] buffer=[15834541379]
while k=[4] buffer=[通化]
while k=[5] buffer=[本地通话]
while k=[6] buffer=[0.000]
while k=[7] buffer=[0.000]
while k=[8] buffer=[0.000]
while buffer=[000009]
while k=[0] buffer=[03月19日12:46:08]
while k=[1] buffer=[1分12秒]
while k=[2] buffer=[主叫]
while k=[3] buffer=[15834541379]
while k=[4] buffer=[通化]
while k=[5] buffer=[本地通话]
while k=[6] buffer=[0.400]
while k=[7] buffer=[0.000]
while k=[8] buffer=[0.400]
while buffer=[000009]
while k=[0] buffer=[03月19日13:22:15]
while k=[1] buffer=[6秒]
while k=[2] buffer=[被叫]
while k=[3] buffer=[15944531860]
while k=[4] buffer=[通化]
while k=[5] buffer=[本地通话]
while k=[6] buffer=[0.000]
while k=[7] buffer=[0.000]
while k=[8] buffer=[0.000]
while buffer=[000009]
while k=[0] buffer=[03月19日15:21:59]
while k=[1] buffer=[36秒]
while k=[2] buffer=[被叫]
while k=[3] buffer=[13944572019]
while k=[4] buffer=[通化]
while k=[5] buffer=[本地通话]
while k=[6] buffer=[0.000]
while k=[7] buffer=[0.000]
while k=[8] buffer=[0.000]
while buffer=[000009]
while k=[0] buffer=[03月19日15:23:11]
while k=[1] buffer=[15秒]
while k=[2] buffer=[主叫]
while k=[3] buffer=[13944572019]
while k=[4] buffer=[通化]
while k=[5] buffer=[本地通话]
while k=[6] buffer=[0.200]
while k=[7] buffer=[0.000]
while k=[8] buffer=[0.200]
while buffer=[000009]
while k=[0] buffer=[03月19日15:27:07]
while k=[1] buffer=[1分31秒]
while k=[2] buffer=[主叫]
while k=[3] buffer=[15834541379]
while k=[4] buffer=[通化]
while k=[5] buffer=[本地通话]
while k=[6] buffer=[0.400]
while k=[7] buffer=[0.000]
while k=[8] buffer=[0.400]
while buffer=[000009]
while k=[0] buffer=[03月19日15:50:03]
while k=[1] buffer=[7秒]
while k=[2] buffer=[主叫]
while k=[3] buffer=[13234359698]
while k=[4] buffer=[通化]
while k=[5] buffer=[本地通话]
while k=[6] buffer=[0.200]
while k=[7] buffer=[0.000]
while k=[8] buffer=[0.200]
while buffer=[000009]
while k=[0] buffer=[03月19日15:53:30]
while k=[1] buffer=[1分51秒]
while k=[2] buffer=[主叫]
while k=[3] buffer=[15834541379]
while k=[4] buffer=[通化]
while k=[5] buffer=[本地通话]
while k=[6] buffer=[0.400]
while k=[7] buffer=[0.000]
while k=[8] buffer=[0.400]
while buffer=[000009]
while k=[0] buffer=[03月19日16:16:34]
while k=[1] buffer=[49秒]
while k=[2] buffer=[主叫]
while k=[3] buffer=[15834541379]
while k=[4] buffer=[通化]
while k=[5] buffer=[本地通话]
while k=[6] buffer=[0.200]
while k=[7] buffer=[0.000]
while k=[8] buffer=[0.200]
while buffer=[000009]
while k=[0] buffer=[03月19日16:25:28]
while k=[1] buffer=[57秒]
while k=[2] buffer=[主叫]
while k=[3] buffer=[15834541379]
while k=[4] buffer=[通化]
while k=[5] buffer=[本地通话]
while k=[6] buffer=[0.200]
while k=[7] buffer=[0.000]
while k=[8] buffer=[0.200]
while buffer=[000009]
while k=[0] buffer=[03月19日16:30:54]
while k=[1] buffer=[1分52秒]
while k=[2] buffer=[主叫]
while k=[3] buffer=[13943563356]
while k=[4] buffer=[通化]
while k=[5] buffer=[本地通话]
while k=[6] buffer=[0.400]
while k=[7] buffer=[0.000]
while k=[8] buffer=[0.400]
while buffer=[000009]
while k=[0] buffer=[03月19日17:59:29]
while k=[1] buffer=[50秒]
while k=[2] buffer=[主叫]
while k=[3] buffer=[13943418991]
while k=[4] buffer=[通化]
while k=[5] buffer=[本地通话]
while k=[6] buffer=[0.200]
while k=[7] buffer=[0.000]
while k=[8] buffer=[0.200]
while buffer=[000009]
while k=[0] buffer=[03月19日18:00:41]
while k=[1] buffer=[1分17秒]
while k=[2] buffer=[主叫]
while k=[3] buffer=[13943418991]
while k=[4] buffer=[通化]
while k=[5] buffer=[本地通话]
while k=[6] buffer=[0.400]
while k=[7] buffer=[0.000]
while k=[8] buffer=[0.400]
while buffer=[000009]
while k=[0] buffer=[03月19日18:02:16]
while k=[1] buffer=[4秒]
while k=[2] buffer=[主叫]
while k=[3] buffer=[13944572019]
while k=[4] buffer=[通化]
while k=[5] buffer=[本地通话]
while k=[6] buffer=[0.200]
while k=[7] buffer=[0.000]
while k=[8] buffer=[0.200]
while buffer=[000009]
while k=[0] buffer=[03月19日18:02:55]
while k=[1] buffer=[13秒]
while k=[2] buffer=[主叫]
while k=[3] buffer=[13944572019]
while k=[4] buffer=[通化]
while k=[5] buffer=[本地通话]
while k=[6] buffer=[0.200]
while k=[7] buffer=[0.000]
while k=[8] buffer=[0.200]
while counter=[8]
while counter=[8] ret_lines=[1]
doDetailQuery end...
SIGNAL sonquit=1
numbytes=[-1]
[]断开连接
12
120
Initialize 1
Initialize 2
Initialize 3
Initialize 4
Initialize 5
Initialize 51
clientip=[10.161.6.76|10.161.6.77|10.161.1.175|10.161.1.176|10.161.3.253|10.161.3.254|10.161.252.122|10.161.252.123|]
MAX_LEGALIP_COUNT=[60]
Initialize 52
Initialize 521
clientip=[10.161.6.76|10.161.6.77|10.161.1.175|10.161.1.176|10.161.3.253|10.161.3.254|10.161.252.122|10.161.252.123|]
pconnIp=[]
string_buf=[10.161.6.76|10.161.6.77|10.161.1.175|10.161.1.176|10.161.3.253|10.161.3.254|10.161.252.122|10.161.252.123|]
result_buf=[10.161.6.76|10.161.6.77|10.161.1.175|10.161.1.176|10.161.3.253|10.161.3.254|10.161.252.122|10.161.252.123|.252.122|10.161.252.123|
][11]
result_buf=[10.161.6.76][11]
1
2
next result_buf=[10.161.6.77|10.161.1.175|10.161.1.176|10.161.3.253|10.161.3.254|10.161.252.122|10.161.252.123|][11]
arrString[0]=[10.161.6.77|10.161.1.175|10.161.1.176|10.161.3.253|10.161.3.254|10.161.252.122|10.161.252.123|]
result_buf=[10.161.6.77|10.161.1.175|10.161.1.176|10.161.3.253|10.161.3.254|10.161.252.122|10.161.252.123|][11]
result_buf=[10.161.6.77][11]
1
2
next result_buf=[10.161.1.175|10.161.1.176|10.161.3.253|10.161.3.254|10.161.252.122|10.161.252.123|][11]
arrString[1]=[10.161.1.175|10.161.1.176|10.161.3.253|10.161.3.254|10.161.252.122|10.161.252.123|]
result_buf=[10.161.1.175|10.161.1.176|10.161.3.253|10.161.3.254|10.161.252.122|10.161.252.123|][12]
result_buf=[10.161.1.175][12]
1
2
next result_buf=[10.161.1.176|10.161.3.253|10.161.3.254|10.161.252.122|10.161.252.123|][12]
arrString[2]=[10.161.1.176|10.161.3.253|10.161.3.254|10.161.252.122|10.161.252.123|]
result_buf=[10.161.1.176|10.161.3.253|10.161.3.254|10.161.252.122|10.161.252.123|][12]
result_buf=[10.161.1.176][12]
1
2
next result_buf=[10.161.3.253|10.161.3.254|10.161.252.122|10.161.252.123|][12]
arrString[3]=[10.161.3.253|10.161.3.254|10.161.252.122|10.161.252.123|]
result_buf=[10.161.3.253|10.161.3.254|10.161.252.122|10.161.252.123|][12]
result_buf=[10.161.3.253][12]
1
2
next result_buf=[10.161.3.254|10.161.252.122|10.161.252.123|][12]
arrString[4]=[10.161.3.254|10.161.252.122|10.161.252.123|]
result_buf=[10.161.3.254|10.161.252.122|10.161.252.123|][12]
result_buf=[10.161.3.254][12]
1
2
next result_buf=[10.161.252.122|10.161.252.123|][12]
arrString[5]=[10.161.252.122|10.161.252.123|]
result_buf=[10.161.252.122|10.161.252.123|][14]
result_buf=[10.161.252.122][14]
1
2
next result_buf=[10.161.252.123|][14]
arrString[6]=[10.161.252.123|]
result_buf=[10.161.252.123|][14]
result_buf=[10.161.252.123][14]
1
2
next result_buf=[][14]
arrString=[10.161.252.123|],number=[8]
Initialize 53
acconnip[0]=[]
acconnip[1]=[]
acconnip[2]=[]
acconnip[3]=[]
acconnip[4]=[]
acconnip[5]=[]
acconnip[6]=[]
acconnip[7]=[]
Initialize 6
logpath = [/inter/adapter/log/TcpServer]
IPAddress = [10.161.6.76]
IPPort = [7700]
LockFilePath = [/inter/adapter/lock]
121
13
IPCkey=[1934398878]
创建成功ShmId=[162869]
创建成功SemId=[4136987]
InitServerSocket success
process running ip=[10.161.6.76],port=[7700]
进入主循环，等待连接
connect acceptsocket=[4]
running a process,pid=[5250]
进入主循环，等待连接
SIGNAL quit=1
connect acceptsocket=[-1]
ok
